<?xml version="1.0" encoding="UTF-8"?>
<coverage generated="1670008054647" clover="3.2.0">
  <project timestamp="1670008054647" name="All files">
    <metrics statements="268" coveredstatements="252" conditionals="84" coveredconditionals="76" methods="97" coveredmethods="80" elements="449" coveredelements="408" complexity="0" loc="268" ncloc="268" packages="6" files="25" classes="25"/>
    <package name="constants">
      <metrics statements="2" coveredstatements="2" conditionals="0" coveredconditionals="0" methods="0" coveredmethods="0"/>
      <file name="index.ts" path="/media/luxcium/projects/monorepo-one/library/mapping-tools/src/constants/index.ts">
        <metrics statements="2" coveredstatements="2" conditionals="0" coveredconditionals="0" methods="0" coveredmethods="0"/>
        <line num="6" count="20" type="stmt"/>
        <line num="12" count="20" type="stmt"/>
      </file>
    </package>
    <package name="core">
      <metrics statements="75" coveredstatements="70" conditionals="20" coveredconditionals="20" methods="37" coveredmethods="32"/>
      <file name="awaitedMapping.ts" path="/media/luxcium/projects/monorepo-one/library/mapping-tools/src/core/awaitedMapping.ts">
        <metrics statements="13" coveredstatements="12" conditionals="4" coveredconditionals="4" methods="7" coveredmethods="6"/>
        <line num="8" count="2" type="stmt"/>
        <line num="11" count="2" type="stmt"/>
        <line num="13" count="1" type="cond" truecount="1" falsecount="0"/>
        <line num="14" count="6" type="cond" truecount="1" falsecount="0"/>
        <line num="15" count="6" type="cond" truecount="1" falsecount="0"/>
        <line num="16" count="0" type="cond" truecount="1" falsecount="0"/>
        <line num="18" count="2" type="stmt"/>
        <line num="19" count="6" type="stmt"/>
        <line num="30" count="2" type="stmt"/>
        <line num="33" count="2" type="stmt"/>
        <line num="34" count="1" type="stmt"/>
        <line num="35" count="1" type="stmt"/>
        <line num="36" count="1" type="stmt"/>
      </file>
      <file name="generateMapping.ts" path="/media/luxcium/projects/monorepo-one/library/mapping-tools/src/core/generateMapping.ts">
        <metrics statements="15" coveredstatements="14" conditionals="4" coveredconditionals="4" methods="6" coveredmethods="5"/>
        <line num="8" count="2" type="stmt"/>
        <line num="11" count="2" type="stmt"/>
        <line num="13" count="1" type="cond" truecount="1" falsecount="0"/>
        <line num="14" count="6" type="cond" truecount="1" falsecount="0"/>
        <line num="15" count="6" type="cond" truecount="1" falsecount="0"/>
        <line num="16" count="0" type="cond" truecount="1" falsecount="0"/>
        <line num="18" count="2" type="stmt"/>
        <line num="19" count="2" type="stmt"/>
        <line num="20" count="6" type="stmt"/>
        <line num="32" count="2" type="stmt"/>
        <line num="33" count="1" type="stmt"/>
        <line num="34" count="1" type="stmt"/>
        <line num="35" count="1" type="stmt"/>
        <line num="36" count="1" type="stmt"/>
        <line num="38" count="1" type="stmt"/>
      </file>
      <file name="generateMappingAsync.ts" path="/media/luxcium/projects/monorepo-one/library/mapping-tools/src/core/generateMappingAsync.ts">
        <metrics statements="15" coveredstatements="14" conditionals="4" coveredconditionals="4" methods="6" coveredmethods="5"/>
        <line num="10" count="2" type="stmt"/>
        <line num="13" count="2" type="stmt"/>
        <line num="15" count="1" type="cond" truecount="1" falsecount="0"/>
        <line num="16" count="6" type="cond" truecount="1" falsecount="0"/>
        <line num="17" count="6" type="cond" truecount="1" falsecount="0"/>
        <line num="18" count="0" type="cond" truecount="1" falsecount="0"/>
        <line num="20" count="2" type="stmt"/>
        <line num="21" count="2" type="stmt"/>
        <line num="22" count="6" type="stmt"/>
        <line num="34" count="2" type="stmt"/>
        <line num="35" count="1" type="stmt"/>
        <line num="36" count="1" type="stmt"/>
        <line num="37" count="1" type="stmt"/>
        <line num="38" count="1" type="stmt"/>
        <line num="40" count="1" type="stmt"/>
      </file>
      <file name="index.ts" path="/media/luxcium/projects/monorepo-one/library/mapping-tools/src/core/index.ts">
        <metrics statements="5" coveredstatements="5" conditionals="0" coveredconditionals="0" methods="5" coveredmethods="5"/>
        <line num="5" count="2" type="stmt"/>
        <line num="6" count="2" type="stmt"/>
        <line num="7" count="2" type="stmt"/>
        <line num="8" count="2" type="stmt"/>
        <line num="9" count="2" type="stmt"/>
      </file>
      <file name="paralellMapping.ts" path="/media/luxcium/projects/monorepo-one/library/mapping-tools/src/core/paralellMapping.ts">
        <metrics statements="12" coveredstatements="11" conditionals="4" coveredconditionals="4" methods="7" coveredmethods="6"/>
        <line num="8" count="2" type="stmt"/>
        <line num="11" count="2" type="stmt"/>
        <line num="13" count="1" type="cond" truecount="1" falsecount="0"/>
        <line num="14" count="6" type="cond" truecount="1" falsecount="0"/>
        <line num="15" count="6" type="cond" truecount="1" falsecount="0"/>
        <line num="16" count="0" type="cond" truecount="1" falsecount="0"/>
        <line num="18" count="2" type="stmt"/>
        <line num="19" count="6" type="stmt"/>
        <line num="31" count="2" type="stmt"/>
        <line num="32" count="1" type="stmt"/>
        <line num="33" count="1" type="stmt"/>
        <line num="34" count="1" type="stmt"/>
      </file>
      <file name="serialMapping.ts" path="/media/luxcium/projects/monorepo-one/library/mapping-tools/src/core/serialMapping.ts">
        <metrics statements="15" coveredstatements="14" conditionals="4" coveredconditionals="4" methods="6" coveredmethods="5"/>
        <line num="10" count="2" type="stmt"/>
        <line num="13" count="2" type="stmt"/>
        <line num="15" count="1" type="cond" truecount="1" falsecount="0"/>
        <line num="16" count="6" type="cond" truecount="1" falsecount="0"/>
        <line num="17" count="6" type="cond" truecount="1" falsecount="0"/>
        <line num="18" count="0" type="cond" truecount="1" falsecount="0"/>
        <line num="20" count="2" type="stmt"/>
        <line num="21" count="2" type="stmt"/>
        <line num="22" count="2" type="stmt"/>
        <line num="23" count="6" type="stmt"/>
        <line num="35" count="2" type="stmt"/>
        <line num="47" count="2" type="stmt"/>
        <line num="48" count="1" type="stmt"/>
        <line num="49" count="1" type="stmt"/>
        <line num="50" count="1" type="stmt"/>
      </file>
    </package>
    <package name="core.function">
      <metrics statements="54" coveredstatements="43" conditionals="16" coveredconditionals="12" methods="12" coveredmethods="10"/>
      <file name="fn_a1f9a.ts" path="/media/luxcium/projects/monorepo-one/library/mapping-tools/src/core/function/fn_a1f9a.ts">
        <metrics statements="20" coveredstatements="11" conditionals="8" coveredconditionals="5" methods="5" coveredmethods="3"/>
        <line num="1" count="7" type="stmt"/>
        <line num="3" count="7" type="stmt"/>
        <line num="4" count="7" type="stmt"/>
        <line num="9" count="7" type="stmt"/>
        <line num="12" count="7" type="stmt"/>
        <line num="16" count="0" type="cond" truecount="0" falsecount="1"/>
        <line num="17" count="1" type="cond" truecount="1" falsecount="0"/>
        <line num="18" count="1" type="cond" truecount="1" falsecount="0"/>
        <line num="20" count="0" type="stmt"/>
        <line num="22" count="31" type="stmt"/>
        <line num="23" count="31" type="cond" truecount="2" falsecount="1"/>
        <line num="24" count="31" type="stmt"/>
        <line num="33" count="0" type="cond" truecount="0" falsecount="1"/>
        <line num="34" count="0" type="stmt"/>
        <line num="35" count="0" type="stmt"/>
        <line num="36" count="0" type="stmt"/>
        <line num="38" count="0" type="stmt"/>
        <line num="42" count="0" type="stmt"/>
        <line num="43" count="0" type="stmt"/>
        <line num="48" count="7" type="stmt"/>
      </file>
      <file name="fulfillementBlock.ts" path="/media/luxcium/projects/monorepo-one/library/mapping-tools/src/core/function/fulfillementBlock.ts">
        <metrics statements="19" coveredstatements="17" conditionals="8" coveredconditionals="7" methods="4" coveredmethods="4"/>
        <line num="1" count="8" type="stmt"/>
        <line num="6" count="8" type="stmt"/>
        <line num="15" count="8" type="stmt"/>
        <line num="19" count="3" type="cond" truecount="1" falsecount="0"/>
        <line num="20" count="3" type="cond" truecount="1" falsecount="0"/>
        <line num="22" count="3" type="stmt"/>
        <line num="24" count="34" type="stmt"/>
        <line num="26" count="34" type="cond" truecount="4" falsecount="0"/>
        <line num="27" count="2" type="cond" truecount="0" falsecount="1"/>
        <line num="28" count="0" type="stmt"/>
        <line num="29" count="0" type="stmt"/>
        <line num="34" count="2" type="stmt"/>
        <line num="39" count="32" type="stmt"/>
        <line num="40" count="32" type="stmt"/>
        <line num="42" count="34" type="stmt"/>
        <line num="43" count="34" type="stmt"/>
        <line num="44" count="34" type="stmt"/>
        <line num="45" count="34" type="stmt"/>
        <line num="53" count="8" type="stmt"/>
      </file>
      <file name="makeFulfillement.ts" path="/media/luxcium/projects/monorepo-one/library/mapping-tools/src/core/function/makeFulfillement.ts">
        <metrics statements="6" coveredstatements="6" conditionals="0" coveredconditionals="0" methods="1" coveredmethods="1"/>
        <line num="1" count="9" type="stmt"/>
        <line num="13" count="9" type="stmt"/>
        <line num="18" count="35" type="stmt"/>
        <line num="28" count="35" type="stmt"/>
        <line num="33" count="35" type="stmt"/>
        <line num="36" count="9" type="stmt"/>
      </file>
      <file name="makeRejection.ts" path="/media/luxcium/projects/monorepo-one/library/mapping-tools/src/core/function/makeRejection.ts">
        <metrics statements="9" coveredstatements="9" conditionals="0" coveredconditionals="0" methods="2" coveredmethods="2"/>
        <line num="1" count="8" type="stmt"/>
        <line num="12" count="8" type="stmt"/>
        <line num="17" count="1" type="stmt"/>
        <line num="27" count="1" type="stmt"/>
        <line num="31" count="1" type="stmt"/>
        <line num="34" count="8" type="stmt"/>
        <line num="35" count="1" type="stmt"/>
        <line num="36" count="1" type="stmt"/>
        <line num="39" count="1" type="stmt"/>
      </file>
    </package>
    <package name="helpers">
      <metrics statements="3" coveredstatements="3" conditionals="0" coveredconditionals="0" methods="0" coveredmethods="0"/>
      <file name="index.ts" path="/media/luxcium/projects/monorepo-one/library/mapping-tools/src/helpers/index.ts">
        <metrics statements="3" coveredstatements="3" conditionals="0" coveredconditionals="0" methods="0" coveredmethods="0"/>
        <line num="1" count="7" type="stmt"/>
        <line num="2" count="7" type="stmt"/>
        <line num="4" count="7" type="stmt"/>
      </file>
    </package>
    <package name="helpers.assertions">
      <metrics statements="55" coveredstatements="55" conditionals="44" coveredconditionals="41" methods="25" coveredmethods="20"/>
      <file name="index.ts" path="/media/luxcium/projects/monorepo-one/library/mapping-tools/src/helpers/assertions/index.ts">
        <metrics statements="7" coveredstatements="7" conditionals="0" coveredconditionals="0" methods="8" coveredmethods="4"/>
        <line num="1" count="9" type="stmt"/>
        <line num="2" count="9" type="stmt"/>
        <line num="3" count="9" type="stmt"/>
        <line num="4" count="50" type="stmt"/>
        <line num="5" count="16" type="stmt"/>
        <line num="6" count="16" type="stmt"/>
        <line num="8" count="45" type="stmt"/>
      </file>
      <file name="isPromise.ts" path="/media/luxcium/projects/monorepo-one/library/mapping-tools/src/helpers/assertions/isPromise.ts">
        <metrics statements="9" coveredstatements="9" conditionals="3" coveredconditionals="3" methods="4" coveredmethods="4"/>
        <line num="1" count="10" type="stmt"/>
        <line num="4" count="10" type="stmt"/>
        <line num="5" count="2" type="cond" truecount="3" falsecount="0"/>
        <line num="6" count="1" type="stmt"/>
        <line num="10" count="10" type="stmt"/>
        <line num="11" count="1" type="stmt"/>
        <line num="12" count="1" type="stmt"/>
        <line num="13" count="1" type="stmt"/>
        <line num="14" count="1" type="stmt"/>
      </file>
      <file name="isPromiseLike.ts" path="/media/luxcium/projects/monorepo-one/library/mapping-tools/src/helpers/assertions/isPromiseLike.ts">
        <metrics statements="10" coveredstatements="10" conditionals="5" coveredconditionals="5" methods="5" coveredmethods="4"/>
        <line num="2" count="11" type="stmt"/>
        <line num="3" count="5" type="cond" truecount="1" falsecount="0"/>
        <line num="9" count="3" type="stmt"/>
        <line num="10" count="2" type="stmt"/>
        <line num="14" count="11" type="stmt"/>
        <line num="15" count="1" type="stmt"/>
        <line num="16" count="1" type="stmt"/>
        <line num="17" count="1" type="stmt"/>
        <line num="18" count="1" type="stmt"/>
        <line num="19" count="1" type="stmt"/>
      </file>
      <file name="isPromiseSettledResult.ts" path="/media/luxcium/projects/monorepo-one/library/mapping-tools/src/helpers/assertions/isPromiseSettledResult.ts">
        <metrics statements="14" coveredstatements="14" conditionals="6" coveredconditionals="6" methods="4" coveredmethods="4"/>
        <line num="1" count="10" type="stmt"/>
        <line num="4" count="10" type="stmt"/>
        <line num="7" count="33" type="stmt"/>
        <line num="13" count="10" type="stmt"/>
        <line num="16" count="68" type="cond" truecount="2" falsecount="0"/>
        <line num="20" count="10" type="stmt"/>
        <line num="23" count="33" type="cond" truecount="2" falsecount="0"/>
        <line num="27" count="10" type="stmt"/>
        <line num="28" count="1" type="stmt"/>
        <line num="29" count="1" type="stmt"/>
        <line num="30" count="1" type="stmt"/>
        <line num="32" count="1" type="stmt"/>
        <line num="33" count="1" type="stmt"/>
        <line num="34" count="1" type="stmt"/>
      </file>
      <file name="isSettled.ts" path="/media/luxcium/projects/monorepo-one/library/mapping-tools/src/helpers/assertions/isSettled.ts">
        <metrics statements="15" coveredstatements="15" conditionals="30" coveredconditionals="27" methods="4" coveredmethods="4"/>
        <line num="1" count="10" type="stmt"/>
        <line num="6" count="10" type="stmt"/>
        <line num="7" count="2" type="cond" truecount="2" falsecount="0"/>
        <line num="11" count="10" type="stmt"/>
        <line num="14" count="40" type="stmt"/>
        <line num="31" count="10" type="stmt"/>
        <line num="32" count="2" type="stmt"/>
        <line num="51" count="10" type="stmt"/>
        <line num="52" count="1" type="stmt"/>
        <line num="53" count="1" type="stmt"/>
        <line num="64" count="1" type="cond" truecount="1" falsecount="1"/>
        <line num="77" count="1" type="stmt"/>
        <line num="89" count="1" type="stmt"/>
        <line num="100" count="1" type="stmt"/>
        <line num="111" count="1" type="stmt"/>
      </file>
    </package>
    <package name="helpers.tools">
      <metrics statements="79" coveredstatements="79" conditionals="4" coveredconditionals="3" methods="23" coveredmethods="18"/>
      <file name="converToIsometricSettledResult.ts" path="/media/luxcium/projects/monorepo-one/library/mapping-tools/src/helpers/tools/converToIsometricSettledResult.ts">
        <metrics statements="10" coveredstatements="10" conditionals="0" coveredconditionals="0" methods="2" coveredmethods="2"/>
        <line num="1" count="13" type="stmt"/>
        <line num="3" count="13" type="stmt"/>
        <line num="17" count="17" type="stmt"/>
        <line num="21" count="13" type="stmt"/>
        <line num="22" count="1" type="stmt"/>
        <line num="23" count="1" type="stmt"/>
        <line num="36" count="1" type="stmt"/>
        <line num="50" count="1" type="stmt"/>
        <line num="80" count="1" type="stmt"/>
        <line num="85" count="13" type="stmt"/>
      </file>
      <file name="getFulfilledResults.ts" path="/media/luxcium/projects/monorepo-one/library/mapping-tools/src/helpers/tools/getFulfilledResults.ts">
        <metrics statements="12" coveredstatements="12" conditionals="2" coveredconditionals="2" methods="3" coveredmethods="3"/>
        <line num="1" count="11" type="stmt"/>
        <line num="3" count="11" type="stmt"/>
        <line num="6" count="11" type="stmt"/>
        <line num="9" count="11" type="stmt"/>
        <line num="11" count="28" type="cond" truecount="2" falsecount="0"/>
        <line num="14" count="11" type="stmt"/>
        <line num="18" count="11" type="stmt"/>
        <line num="19" count="1" type="stmt"/>
        <line num="20" count="1" type="stmt"/>
        <line num="33" count="1" type="stmt"/>
        <line num="47" count="1" type="stmt"/>
        <line num="77" count="1" type="stmt"/>
      </file>
      <file name="getRejectedResults.ts" path="/media/luxcium/projects/monorepo-one/library/mapping-tools/src/helpers/tools/getRejectedResults.ts">
        <metrics statements="12" coveredstatements="12" conditionals="0" coveredconditionals="0" methods="3" coveredmethods="3"/>
        <line num="1" count="9" type="stmt"/>
        <line num="3" count="9" type="stmt"/>
        <line num="7" count="9" type="stmt"/>
        <line num="10" count="3" type="stmt"/>
        <line num="12" count="6" type="stmt"/>
        <line num="14" count="3" type="stmt"/>
        <line num="18" count="9" type="stmt"/>
        <line num="19" count="1" type="stmt"/>
        <line num="20" count="1" type="stmt"/>
        <line num="33" count="1" type="stmt"/>
        <line num="47" count="1" type="stmt"/>
        <line num="77" count="1" type="stmt"/>
      </file>
      <file name="index.ts" path="/media/luxcium/projects/monorepo-one/library/mapping-tools/src/helpers/tools/index.ts">
        <metrics statements="7" coveredstatements="7" conditionals="0" coveredconditionals="0" methods="7" coveredmethods="2"/>
        <line num="1" count="9" type="stmt"/>
        <line num="2" count="8" type="stmt"/>
        <line num="3" count="8" type="stmt"/>
        <line num="4" count="8" type="stmt"/>
        <line num="5" count="8" type="stmt"/>
        <line num="6" count="10" type="stmt"/>
        <line num="7" count="8" type="stmt"/>
      </file>
      <file name="isometricSettledResult.ts" path="/media/luxcium/projects/monorepo-one/library/mapping-tools/src/helpers/tools/isometricSettledResult.ts">
        <metrics statements="13" coveredstatements="13" conditionals="2" coveredconditionals="1" methods="2" coveredmethods="2"/>
        <line num="1" count="14" type="stmt"/>
        <line num="6" count="14" type="stmt"/>
        <line num="10" count="34" type="cond" truecount="1" falsecount="0"/>
        <line num="11" count="25" type="stmt"/>
        <line num="21" count="25" type="stmt"/>
        <line num="23" count="9" type="stmt"/>
        <line num="33" count="9" type="stmt"/>
        <line num="37" count="14" type="stmt"/>
        <line num="38" count="1" type="stmt"/>
        <line num="39" count="1" type="stmt"/>
        <line num="52" count="1" type="stmt"/>
        <line num="66" count="1" type="stmt"/>
        <line num="96" count="1" type="stmt"/>
      </file>
      <file name="listFulfilledResults.ts" path="/media/luxcium/projects/monorepo-one/library/mapping-tools/src/helpers/tools/listFulfilledResults.ts">
        <metrics statements="10" coveredstatements="10" conditionals="0" coveredconditionals="0" methods="3" coveredmethods="3"/>
        <line num="1" count="9" type="stmt"/>
        <line num="3" count="9" type="stmt"/>
        <line num="6" count="9" type="stmt"/>
        <line num="9" count="13" type="stmt"/>
        <line num="13" count="9" type="stmt"/>
        <line num="14" count="1" type="stmt"/>
        <line num="15" count="1" type="stmt"/>
        <line num="28" count="1" type="stmt"/>
        <line num="42" count="1" type="stmt"/>
        <line num="72" count="1" type="stmt"/>
      </file>
      <file name="mapFulfilledResults.ts" path="/media/luxcium/projects/monorepo-one/library/mapping-tools/src/helpers/tools/mapFulfilledResults.ts">
        <metrics statements="2" coveredstatements="2" conditionals="0" coveredconditionals="0" methods="1" coveredmethods="1"/>
        <line num="5" count="8" type="stmt"/>
        <line num="7" count="1" type="stmt"/>
      </file>
      <file name="settledLengts.ts" path="/media/luxcium/projects/monorepo-one/library/mapping-tools/src/helpers/tools/settledLengts.ts">
        <metrics statements="13" coveredstatements="13" conditionals="0" coveredconditionals="0" methods="2" coveredmethods="2"/>
        <line num="1" count="9" type="stmt"/>
        <line num="3" count="9" type="stmt"/>
        <line num="6" count="9" type="stmt"/>
        <line num="9" count="3" type="stmt"/>
        <line num="10" count="3" type="stmt"/>
        <line num="11" count="3" type="stmt"/>
        <line num="13" count="3" type="stmt"/>
        <line num="21" count="9" type="stmt"/>
        <line num="22" count="1" type="stmt"/>
        <line num="23" count="1" type="stmt"/>
        <line num="36" count="1" type="stmt"/>
        <line num="50" count="1" type="stmt"/>
        <line num="80" count="1" type="stmt"/>
      </file>
    </package>
  </project>
</coverage>
