{"/media/luxcium/projects/monorepo-one/library/mapping-tools/src/constants/index.ts": {"path":"/media/luxcium/projects/monorepo-one/library/mapping-tools/src/constants/index.ts","statementMap":{"0":{"start":{"line":6,"column":13},"end":{"line":6,"column":59}},"1":{"start":{"line":12,"column":13},"end":{"line":12,"column":56}}},"fnMap":{},"branchMap":{},"s":{"0":20,"1":20},"f":{},"b":{}}
,"/media/luxcium/projects/monorepo-one/library/mapping-tools/src/core/awaitedMapping.ts": {"path":"/media/luxcium/projects/monorepo-one/library/mapping-tools/src/core/awaitedMapping.ts","statementMap":{"0":{"start":{"line":8,"column":0},"end":{"line":8,"column":47}},"1":{"start":{"line":13,"column":48},"end":{"line":13,"column":65}},"2":{"start":{"line":14,"column":32},"end":{"line":14,"column":38}},"3":{"start":{"line":15,"column":42},"end":{"line":15,"column":48}},"4":{"start":{"line":16,"column":32},"end":{"line":16,"column":38}},"5":{"start":{"line":18,"column":17},"end":{"line":27,"column":null}},"6":{"start":{"line":19,"column":4},"end":{"line":27,"column":6}},"7":{"start":{"line":30,"column":2},"end":{"line":30,"column":29}},"8":{"start":{"line":11,"column":0},"end":{"line":11,"column":7}},"9":{"start":{"line":34,"column":2},"end":{"line":34,"column":61}},"10":{"start":{"line":35,"column":2},"end":{"line":35,"column":52}},"11":{"start":{"line":36,"column":2},"end":{"line":36,"column":16}},"12":{"start":{"line":33,"column":0},"end":{"line":33,"column":7}}},"fnMap":{"0":{"name":"awaitedMapping","decl":{"start":{"line":11,"column":22},"end":{"line":11,"column":36}},"loc":{"start":{"line":16,"column":38},"end":{"line":31,"column":1}}},"1":{"name":"(anonymous_1)","decl":{"start":{"line":13,"column":33},"end":{"line":13,"column":38}},"loc":{"start":{"line":13,"column":48},"end":{"line":13,"column":65}}},"2":{"name":"(anonymous_2)","decl":{"start":{"line":14,"column":27},"end":{"line":14,"column":28}},"loc":{"start":{"line":14,"column":32},"end":{"line":14,"column":38}}},"3":{"name":"(anonymous_3)","decl":{"start":{"line":15,"column":31},"end":{"line":15,"column":36}},"loc":{"start":{"line":15,"column":42},"end":{"line":15,"column":48}}},"4":{"name":"(anonymous_4)","decl":{"start":{"line":16,"column":27},"end":{"line":16,"column":28}},"loc":{"start":{"line":16,"column":32},"end":{"line":16,"column":38}}},"5":{"name":"(anonymous_5)","decl":{"start":{"line":18,"column":37},"end":{"line":18,"column":38}},"loc":{"start":{"line":19,"column":4},"end":{"line":27,"column":6}}},"6":{"name":"awaitedMapping_TEST_","decl":{"start":{"line":33,"column":22},"end":{"line":33,"column":42}},"loc":{"start":{"line":33,"column":42},"end":{"line":37,"column":1}}}},"branchMap":{"0":{"loc":{"start":{"line":13,"column":2},"end":{"line":13,"column":65}},"type":"default-arg","locations":[{"start":{"line":13,"column":33},"end":{"line":13,"column":65}}]},"1":{"loc":{"start":{"line":14,"column":2},"end":{"line":14,"column":38}},"type":"default-arg","locations":[{"start":{"line":14,"column":27},"end":{"line":14,"column":38}}]},"2":{"loc":{"start":{"line":15,"column":2},"end":{"line":15,"column":48}},"type":"default-arg","locations":[{"start":{"line":15,"column":31},"end":{"line":15,"column":48}}]},"3":{"loc":{"start":{"line":16,"column":2},"end":{"line":16,"column":38}},"type":"default-arg","locations":[{"start":{"line":16,"column":27},"end":{"line":16,"column":38}}]}},"s":{"0":2,"1":1,"2":6,"3":6,"4":0,"5":2,"6":6,"7":2,"8":2,"9":1,"10":1,"11":1,"12":2},"f":{"0":2,"1":1,"2":6,"3":6,"4":0,"5":6,"6":1},"b":{"0":[1],"1":[2],"2":[2],"3":[2]}}
,"/media/luxcium/projects/monorepo-one/library/mapping-tools/src/core/generateMapping.ts": {"path":"/media/luxcium/projects/monorepo-one/library/mapping-tools/src/core/generateMapping.ts","statementMap":{"0":{"start":{"line":8,"column":0},"end":{"line":8,"column":47}},"1":{"start":{"line":13,"column":48},"end":{"line":13,"column":65}},"2":{"start":{"line":14,"column":32},"end":{"line":14,"column":38}},"3":{"start":{"line":15,"column":42},"end":{"line":15,"column":48}},"4":{"start":{"line":16,"column":32},"end":{"line":16,"column":38}},"5":{"start":{"line":18,"column":14},"end":{"line":18,"column":15}},"6":{"start":{"line":19,"column":2},"end":{"line":29,"column":null}},"7":{"start":{"line":20,"column":4},"end":{"line":28,"column":7}},"8":{"start":{"line":11,"column":0},"end":{"line":11,"column":15}},"9":{"start":{"line":33,"column":2},"end":{"line":33,"column":62}},"10":{"start":{"line":34,"column":20},"end":{"line":34,"column":51}},"11":{"start":{"line":35,"column":2},"end":{"line":37,"column":null}},"12":{"start":{"line":36,"column":4},"end":{"line":36,"column":34}},"13":{"start":{"line":38,"column":2},"end":{"line":38,"column":16}},"14":{"start":{"line":32,"column":0},"end":{"line":32,"column":7}}},"fnMap":{"0":{"name":"generateMapping","decl":{"start":{"line":11,"column":17},"end":{"line":11,"column":32}},"loc":{"start":{"line":16,"column":38},"end":{"line":30,"column":1}}},"1":{"name":"(anonymous_1)","decl":{"start":{"line":13,"column":33},"end":{"line":13,"column":38}},"loc":{"start":{"line":13,"column":48},"end":{"line":13,"column":65}}},"2":{"name":"(anonymous_2)","decl":{"start":{"line":14,"column":27},"end":{"line":14,"column":28}},"loc":{"start":{"line":14,"column":32},"end":{"line":14,"column":38}}},"3":{"name":"(anonymous_3)","decl":{"start":{"line":15,"column":31},"end":{"line":15,"column":36}},"loc":{"start":{"line":15,"column":42},"end":{"line":15,"column":48}}},"4":{"name":"(anonymous_4)","decl":{"start":{"line":16,"column":27},"end":{"line":16,"column":28}},"loc":{"start":{"line":16,"column":32},"end":{"line":16,"column":38}}},"5":{"name":"generateMapping_TEST_","decl":{"start":{"line":32,"column":22},"end":{"line":32,"column":43}},"loc":{"start":{"line":32,"column":43},"end":{"line":39,"column":1}}}},"branchMap":{"0":{"loc":{"start":{"line":13,"column":2},"end":{"line":13,"column":65}},"type":"default-arg","locations":[{"start":{"line":13,"column":33},"end":{"line":13,"column":65}}]},"1":{"loc":{"start":{"line":14,"column":2},"end":{"line":14,"column":38}},"type":"default-arg","locations":[{"start":{"line":14,"column":27},"end":{"line":14,"column":38}}]},"2":{"loc":{"start":{"line":15,"column":2},"end":{"line":15,"column":48}},"type":"default-arg","locations":[{"start":{"line":15,"column":31},"end":{"line":15,"column":48}}]},"3":{"loc":{"start":{"line":16,"column":2},"end":{"line":16,"column":38}},"type":"default-arg","locations":[{"start":{"line":16,"column":27},"end":{"line":16,"column":38}}]}},"s":{"0":2,"1":1,"2":6,"3":6,"4":0,"5":2,"6":2,"7":6,"8":2,"9":1,"10":1,"11":1,"12":1,"13":1,"14":2},"f":{"0":2,"1":1,"2":6,"3":6,"4":0,"5":1},"b":{"0":[1],"1":[2],"2":[2],"3":[2]}}
,"/media/luxcium/projects/monorepo-one/library/mapping-tools/src/core/generateMappingAsync.ts": {"path":"/media/luxcium/projects/monorepo-one/library/mapping-tools/src/core/generateMappingAsync.ts","statementMap":{"0":{"start":{"line":10,"column":0},"end":{"line":10,"column":47}},"1":{"start":{"line":15,"column":48},"end":{"line":15,"column":65}},"2":{"start":{"line":16,"column":32},"end":{"line":16,"column":38}},"3":{"start":{"line":17,"column":42},"end":{"line":17,"column":48}},"4":{"start":{"line":18,"column":32},"end":{"line":18,"column":38}},"5":{"start":{"line":20,"column":14},"end":{"line":20,"column":15}},"6":{"start":{"line":21,"column":2},"end":{"line":31,"column":null}},"7":{"start":{"line":22,"column":4},"end":{"line":30,"column":7}},"8":{"start":{"line":13,"column":0},"end":{"line":13,"column":7}},"9":{"start":{"line":35,"column":2},"end":{"line":35,"column":67}},"10":{"start":{"line":36,"column":20},"end":{"line":36,"column":56}},"11":{"start":{"line":37,"column":2},"end":{"line":39,"column":null}},"12":{"start":{"line":38,"column":4},"end":{"line":38,"column":28}},"13":{"start":{"line":40,"column":2},"end":{"line":40,"column":16}},"14":{"start":{"line":34,"column":0},"end":{"line":34,"column":7}}},"fnMap":{"0":{"name":"generateMappingAsync","decl":{"start":{"line":13,"column":23},"end":{"line":13,"column":43}},"loc":{"start":{"line":18,"column":38},"end":{"line":32,"column":1}}},"1":{"name":"(anonymous_1)","decl":{"start":{"line":15,"column":33},"end":{"line":15,"column":38}},"loc":{"start":{"line":15,"column":48},"end":{"line":15,"column":65}}},"2":{"name":"(anonymous_2)","decl":{"start":{"line":16,"column":27},"end":{"line":16,"column":28}},"loc":{"start":{"line":16,"column":32},"end":{"line":16,"column":38}}},"3":{"name":"(anonymous_3)","decl":{"start":{"line":17,"column":31},"end":{"line":17,"column":36}},"loc":{"start":{"line":17,"column":42},"end":{"line":17,"column":48}}},"4":{"name":"(anonymous_4)","decl":{"start":{"line":18,"column":27},"end":{"line":18,"column":28}},"loc":{"start":{"line":18,"column":32},"end":{"line":18,"column":38}}},"5":{"name":"generateMappingAsync_TEST_","decl":{"start":{"line":34,"column":22},"end":{"line":34,"column":48}},"loc":{"start":{"line":34,"column":48},"end":{"line":41,"column":1}}}},"branchMap":{"0":{"loc":{"start":{"line":15,"column":2},"end":{"line":15,"column":65}},"type":"default-arg","locations":[{"start":{"line":15,"column":33},"end":{"line":15,"column":65}}]},"1":{"loc":{"start":{"line":16,"column":2},"end":{"line":16,"column":38}},"type":"default-arg","locations":[{"start":{"line":16,"column":27},"end":{"line":16,"column":38}}]},"2":{"loc":{"start":{"line":17,"column":2},"end":{"line":17,"column":48}},"type":"default-arg","locations":[{"start":{"line":17,"column":31},"end":{"line":17,"column":48}}]},"3":{"loc":{"start":{"line":18,"column":2},"end":{"line":18,"column":38}},"type":"default-arg","locations":[{"start":{"line":18,"column":27},"end":{"line":18,"column":38}}]}},"s":{"0":2,"1":1,"2":6,"3":6,"4":0,"5":2,"6":2,"7":6,"8":2,"9":1,"10":1,"11":1,"12":1,"13":1,"14":2},"f":{"0":2,"1":1,"2":6,"3":6,"4":0,"5":1},"b":{"0":[1],"1":[2],"2":[2],"3":[2]}}
,"/media/luxcium/projects/monorepo-one/library/mapping-tools/src/core/index.ts": {"path":"/media/luxcium/projects/monorepo-one/library/mapping-tools/src/core/index.ts","statementMap":{"0":{"start":{"line":5,"column":0},"end":{"line":5,"column":9}},"1":{"start":{"line":5,"column":9},"end":{"line":5,"column":50}},"2":{"start":{"line":6,"column":0},"end":{"line":6,"column":9}},"3":{"start":{"line":6,"column":9},"end":{"line":6,"column":52}},"4":{"start":{"line":7,"column":0},"end":{"line":7,"column":9}},"5":{"start":{"line":7,"column":9},"end":{"line":7,"column":62}},"6":{"start":{"line":8,"column":0},"end":{"line":8,"column":9}},"7":{"start":{"line":8,"column":9},"end":{"line":8,"column":52}},"8":{"start":{"line":9,"column":0},"end":{"line":9,"column":9}},"9":{"start":{"line":9,"column":9},"end":{"line":9,"column":48}}},"fnMap":{"0":{"name":"(anonymous_0)","decl":{"start":{"line":5,"column":9},"end":{"line":5,"column":23}},"loc":{"start":{"line":5,"column":9},"end":{"line":5,"column":50}}},"1":{"name":"(anonymous_1)","decl":{"start":{"line":6,"column":9},"end":{"line":6,"column":24}},"loc":{"start":{"line":6,"column":9},"end":{"line":6,"column":52}}},"2":{"name":"(anonymous_2)","decl":{"start":{"line":7,"column":9},"end":{"line":7,"column":29}},"loc":{"start":{"line":7,"column":9},"end":{"line":7,"column":62}}},"3":{"name":"(anonymous_3)","decl":{"start":{"line":8,"column":9},"end":{"line":8,"column":24}},"loc":{"start":{"line":8,"column":9},"end":{"line":8,"column":52}}},"4":{"name":"(anonymous_4)","decl":{"start":{"line":9,"column":9},"end":{"line":9,"column":22}},"loc":{"start":{"line":9,"column":9},"end":{"line":9,"column":48}}}},"branchMap":{},"s":{"0":1,"1":2,"2":1,"3":2,"4":1,"5":2,"6":1,"7":2,"8":1,"9":2},"f":{"0":1,"1":1,"2":1,"3":1,"4":1},"b":{}}
,"/media/luxcium/projects/monorepo-one/library/mapping-tools/src/core/paralellMapping.ts": {"path":"/media/luxcium/projects/monorepo-one/library/mapping-tools/src/core/paralellMapping.ts","statementMap":{"0":{"start":{"line":8,"column":0},"end":{"line":8,"column":47}},"1":{"start":{"line":13,"column":48},"end":{"line":13,"column":65}},"2":{"start":{"line":14,"column":32},"end":{"line":14,"column":38}},"3":{"start":{"line":15,"column":42},"end":{"line":15,"column":48}},"4":{"start":{"line":16,"column":32},"end":{"line":16,"column":38}},"5":{"start":{"line":18,"column":2},"end":{"line":28,"column":4}},"6":{"start":{"line":19,"column":4},"end":{"line":27,"column":6}},"7":{"start":{"line":11,"column":0},"end":{"line":11,"column":16}},"8":{"start":{"line":32,"column":2},"end":{"line":32,"column":62}},"9":{"start":{"line":33,"column":2},"end":{"line":33,"column":66}},"10":{"start":{"line":34,"column":2},"end":{"line":34,"column":16}},"11":{"start":{"line":31,"column":0},"end":{"line":31,"column":7}}},"fnMap":{"0":{"name":"paralellMapping","decl":{"start":{"line":11,"column":16},"end":{"line":11,"column":31}},"loc":{"start":{"line":16,"column":38},"end":{"line":29,"column":1}}},"1":{"name":"(anonymous_1)","decl":{"start":{"line":13,"column":33},"end":{"line":13,"column":38}},"loc":{"start":{"line":13,"column":48},"end":{"line":13,"column":65}}},"2":{"name":"(anonymous_2)","decl":{"start":{"line":14,"column":27},"end":{"line":14,"column":28}},"loc":{"start":{"line":14,"column":32},"end":{"line":14,"column":38}}},"3":{"name":"(anonymous_3)","decl":{"start":{"line":15,"column":31},"end":{"line":15,"column":36}},"loc":{"start":{"line":15,"column":42},"end":{"line":15,"column":48}}},"4":{"name":"(anonymous_4)","decl":{"start":{"line":16,"column":27},"end":{"line":16,"column":28}},"loc":{"start":{"line":16,"column":32},"end":{"line":16,"column":38}}},"5":{"name":"(anonymous_5)","decl":{"start":{"line":18,"column":29},"end":{"line":18,"column":30}},"loc":{"start":{"line":19,"column":4},"end":{"line":27,"column":6}}},"6":{"name":"paralellMapping_TEST_","decl":{"start":{"line":31,"column":22},"end":{"line":31,"column":43}},"loc":{"start":{"line":31,"column":43},"end":{"line":35,"column":1}}}},"branchMap":{"0":{"loc":{"start":{"line":13,"column":2},"end":{"line":13,"column":65}},"type":"default-arg","locations":[{"start":{"line":13,"column":33},"end":{"line":13,"column":65}}]},"1":{"loc":{"start":{"line":14,"column":2},"end":{"line":14,"column":38}},"type":"default-arg","locations":[{"start":{"line":14,"column":27},"end":{"line":14,"column":38}}]},"2":{"loc":{"start":{"line":15,"column":2},"end":{"line":15,"column":48}},"type":"default-arg","locations":[{"start":{"line":15,"column":31},"end":{"line":15,"column":48}}]},"3":{"loc":{"start":{"line":16,"column":2},"end":{"line":16,"column":38}},"type":"default-arg","locations":[{"start":{"line":16,"column":27},"end":{"line":16,"column":38}}]}},"s":{"0":2,"1":1,"2":6,"3":6,"4":0,"5":2,"6":6,"7":2,"8":1,"9":1,"10":1,"11":2},"f":{"0":2,"1":1,"2":6,"3":6,"4":0,"5":6,"6":1},"b":{"0":[1],"1":[2],"2":[2],"3":[2]}}
,"/media/luxcium/projects/monorepo-one/library/mapping-tools/src/core/serialMapping.ts": {"path":"/media/luxcium/projects/monorepo-one/library/mapping-tools/src/core/serialMapping.ts","statementMap":{"0":{"start":{"line":10,"column":0},"end":{"line":10,"column":47}},"1":{"start":{"line":15,"column":48},"end":{"line":15,"column":65}},"2":{"start":{"line":16,"column":32},"end":{"line":16,"column":38}},"3":{"start":{"line":17,"column":42},"end":{"line":17,"column":48}},"4":{"start":{"line":18,"column":32},"end":{"line":18,"column":38}},"5":{"start":{"line":20,"column":14},"end":{"line":20,"column":15}},"6":{"start":{"line":21,"column":53},"end":{"line":21,"column":55}},"7":{"start":{"line":22,"column":2},"end":{"line":34,"column":null}},"8":{"start":{"line":23,"column":4},"end":{"line":33,"column":6}},"9":{"start":{"line":35,"column":2},"end":{"line":35,"column":17}},"10":{"start":{"line":13,"column":0},"end":{"line":13,"column":7}},"11":{"start":{"line":48,"column":2},"end":{"line":48,"column":60}},"12":{"start":{"line":49,"column":2},"end":{"line":49,"column":51}},"13":{"start":{"line":50,"column":2},"end":{"line":50,"column":16}},"14":{"start":{"line":47,"column":0},"end":{"line":47,"column":7}}},"fnMap":{"0":{"name":"serialMapping","decl":{"start":{"line":13,"column":22},"end":{"line":13,"column":35}},"loc":{"start":{"line":18,"column":38},"end":{"line":36,"column":1}}},"1":{"name":"(anonymous_1)","decl":{"start":{"line":15,"column":33},"end":{"line":15,"column":38}},"loc":{"start":{"line":15,"column":48},"end":{"line":15,"column":65}}},"2":{"name":"(anonymous_2)","decl":{"start":{"line":16,"column":27},"end":{"line":16,"column":28}},"loc":{"start":{"line":16,"column":32},"end":{"line":16,"column":38}}},"3":{"name":"(anonymous_3)","decl":{"start":{"line":17,"column":31},"end":{"line":17,"column":36}},"loc":{"start":{"line":17,"column":42},"end":{"line":17,"column":48}}},"4":{"name":"(anonymous_4)","decl":{"start":{"line":18,"column":27},"end":{"line":18,"column":28}},"loc":{"start":{"line":18,"column":32},"end":{"line":18,"column":38}}},"5":{"name":"serialMapping_TEST_","decl":{"start":{"line":47,"column":22},"end":{"line":47,"column":41}},"loc":{"start":{"line":47,"column":41},"end":{"line":51,"column":1}}}},"branchMap":{"0":{"loc":{"start":{"line":15,"column":2},"end":{"line":15,"column":65}},"type":"default-arg","locations":[{"start":{"line":15,"column":33},"end":{"line":15,"column":65}}]},"1":{"loc":{"start":{"line":16,"column":2},"end":{"line":16,"column":38}},"type":"default-arg","locations":[{"start":{"line":16,"column":27},"end":{"line":16,"column":38}}]},"2":{"loc":{"start":{"line":17,"column":2},"end":{"line":17,"column":48}},"type":"default-arg","locations":[{"start":{"line":17,"column":31},"end":{"line":17,"column":48}}]},"3":{"loc":{"start":{"line":18,"column":2},"end":{"line":18,"column":38}},"type":"default-arg","locations":[{"start":{"line":18,"column":27},"end":{"line":18,"column":38}}]}},"s":{"0":2,"1":1,"2":6,"3":6,"4":0,"5":2,"6":2,"7":2,"8":6,"9":2,"10":2,"11":1,"12":1,"13":1,"14":2},"f":{"0":2,"1":1,"2":6,"3":6,"4":0,"5":1},"b":{"0":[1],"1":[2],"2":[2],"3":[2]}}
,"/media/luxcium/projects/monorepo-one/library/mapping-tools/src/core/function/fn_a1f9a.ts": {"path":"/media/luxcium/projects/monorepo-one/library/mapping-tools/src/core/function/fn_a1f9a.ts","statementMap":{"0":{"start":{"line":1,"column":0},"end":{"line":1,"column":43}},"1":{"start":{"line":3,"column":0},"end":{"line":3,"column":56}},"2":{"start":{"line":4,"column":0},"end":{"line":4,"column":48}},"3":{"start":{"line":9,"column":4},"end":{"line":9,"column":14}},"4":{"start":{"line":16,"column":29},"end":{"line":16,"column":46}},"5":{"start":{"line":17,"column":36},"end":{"line":17,"column":62}},"6":{"start":{"line":18,"column":44},"end":{"line":18,"column":70}},"7":{"start":{"line":20,"column":4},"end":{"line":20,"column":41}},"8":{"start":{"line":22,"column":2},"end":{"line":44,"column":null}},"9":{"start":{"line":23,"column":4},"end":{"line":32,"column":null}},"10":{"start":{"line":24,"column":6},"end":{"line":31,"column":8}},"11":{"start":{"line":33,"column":4},"end":{"line":37,"column":null}},"12":{"start":{"line":34,"column":25},"end":{"line":34,"column":29}},"13":{"start":{"line":35,"column":6},"end":{"line":35,"column":38}},"14":{"start":{"line":36,"column":6},"end":{"line":36,"column":71}},"15":{"start":{"line":38,"column":4},"end":{"line":40,"column":6}},"16":{"start":{"line":42,"column":4},"end":{"line":42,"column":35}},"17":{"start":{"line":43,"column":4},"end":{"line":43,"column":68}},"18":{"start":{"line":12,"column":0},"end":{"line":12,"column":7}},"19":{"start":{"line":48,"column":0},"end":{"line":48,"column":7}}},"fnMap":{"0":{"name":"fn_a1f9a","decl":{"start":{"line":12,"column":22},"end":{"line":12,"column":30}},"loc":{"start":{"line":21,"column":22},"end":{"line":45,"column":1}}},"1":{"name":"(anonymous_1)","decl":{"start":{"line":16,"column":14},"end":{"line":16,"column":19}},"loc":{"start":{"line":16,"column":29},"end":{"line":16,"column":46}}},"2":{"name":"(anonymous_2)","decl":{"start":{"line":17,"column":11},"end":{"line":17,"column":12}},"loc":{"start":{"line":17,"column":36},"end":{"line":17,"column":62}}},"3":{"name":"(anonymous_3)","decl":{"start":{"line":18,"column":13},"end":{"line":18,"column":18}},"loc":{"start":{"line":18,"column":44},"end":{"line":18,"column":70}}},"4":{"name":"(anonymous_4)","decl":{"start":{"line":19,"column":14},"end":{"line":19,"column":15}},"loc":{"start":{"line":20,"column":4},"end":{"line":20,"column":41}}}},"branchMap":{"0":{"loc":{"start":{"line":16,"column":2},"end":{"line":16,"column":46}},"type":"default-arg","locations":[{"start":{"line":16,"column":14},"end":{"line":16,"column":46}}]},"1":{"loc":{"start":{"line":17,"column":2},"end":{"line":17,"column":62}},"type":"default-arg","locations":[{"start":{"line":17,"column":11},"end":{"line":17,"column":62}}]},"2":{"loc":{"start":{"line":18,"column":2},"end":{"line":18,"column":70}},"type":"default-arg","locations":[{"start":{"line":18,"column":13},"end":{"line":18,"column":70}}]},"3":{"loc":{"start":{"line":19,"column":2},"end":{"line":20,"column":41}},"type":"default-arg","locations":[{"start":{"line":19,"column":14},"end":{"line":20,"column":41}}]},"4":{"loc":{"start":{"line":23,"column":4},"end":{"line":32,"column":null}},"type":"if","locations":[{"start":{"line":23,"column":4},"end":{"line":32,"column":null}}]},"5":{"loc":{"start":{"line":23,"column":8},"end":{"line":23,"column":71}},"type":"binary-expr","locations":[{"start":{"line":23,"column":8},"end":{"line":23,"column":37}},{"start":{"line":23,"column":41},"end":{"line":23,"column":71}}]},"6":{"loc":{"start":{"line":33,"column":4},"end":{"line":37,"column":null}},"type":"if","locations":[{"start":{"line":33,"column":4},"end":{"line":37,"column":null}}]}},"s":{"0":7,"1":7,"2":7,"3":7,"4":0,"5":1,"6":1,"7":0,"8":31,"9":31,"10":31,"11":0,"12":0,"13":0,"14":0,"15":0,"16":0,"17":0,"18":7,"19":7},"f":{"0":31,"1":0,"2":1,"3":1,"4":0},"b":{"0":[0],"1":[1],"2":[1],"3":[1],"4":[31],"5":[31,0],"6":[0]}}
,"/media/luxcium/projects/monorepo-one/library/mapping-tools/src/core/function/fulfillementBlock.ts": {"path":"/media/luxcium/projects/monorepo-one/library/mapping-tools/src/core/function/fulfillementBlock.ts","statementMap":{"0":{"start":{"line":1,"column":0},"end":{"line":1,"column":null}},"1":{"start":{"line":6,"column":0},"end":{"line":6,"column":54}},"2":{"start":{"line":19,"column":48},"end":{"line":19,"column":65}},"3":{"start":{"line":20,"column":52},"end":{"line":20,"column":78}},"4":{"start":{"line":22,"column":4},"end":{"line":22,"column":30}},"5":{"start":{"line":24,"column":20},"end":{"line":24,"column":22}},"6":{"start":{"line":26,"column":2},"end":{"line":41,"column":null}},"7":{"start":{"line":27,"column":4},"end":{"line":33,"column":null}},"8":{"start":{"line":28,"column":30},"end":{"line":28,"column":46}},"9":{"start":{"line":29,"column":6},"end":{"line":29,"column":40}},"10":{"start":{"line":34,"column":4},"end":{"line":34,"column":27}},"11":{"start":{"line":39,"column":4},"end":{"line":39,"column":21}},"12":{"start":{"line":40,"column":4},"end":{"line":40,"column":20}},"13":{"start":{"line":42,"column":16},"end":{"line":42,"column":56}},"14":{"start":{"line":43,"column":2},"end":{"line":43,"column":30}},"15":{"start":{"line":44,"column":2},"end":{"line":44,"column":38}},"16":{"start":{"line":45,"column":2},"end":{"line":49,"column":5}},"17":{"start":{"line":15,"column":0},"end":{"line":15,"column":7}},"18":{"start":{"line":53,"column":0},"end":{"line":53,"column":7}}},"fnMap":{"0":{"name":"fulfillementBlock","decl":{"start":{"line":15,"column":22},"end":{"line":15,"column":39}},"loc":{"start":{"line":22,"column":30},"end":{"line":50,"column":1}}},"1":{"name":"(anonymous_1)","decl":{"start":{"line":19,"column":33},"end":{"line":19,"column":38}},"loc":{"start":{"line":19,"column":48},"end":{"line":19,"column":65}}},"2":{"name":"(anonymous_2)","decl":{"start":{"line":20,"column":27},"end":{"line":20,"column":28}},"loc":{"start":{"line":20,"column":52},"end":{"line":20,"column":78}}},"3":{"name":"(anonymous_3)","decl":{"start":{"line":21,"column":31},"end":{"line":21,"column":36}},"loc":{"start":{"line":22,"column":4},"end":{"line":22,"column":30}}}},"branchMap":{"0":{"loc":{"start":{"line":19,"column":2},"end":{"line":19,"column":65}},"type":"default-arg","locations":[{"start":{"line":19,"column":33},"end":{"line":19,"column":65}}]},"1":{"loc":{"start":{"line":20,"column":2},"end":{"line":20,"column":78}},"type":"default-arg","locations":[{"start":{"line":20,"column":27},"end":{"line":20,"column":78}}]},"2":{"loc":{"start":{"line":21,"column":2},"end":{"line":22,"column":30}},"type":"default-arg","locations":[{"start":{"line":21,"column":31},"end":{"line":22,"column":30}}]},"3":{"loc":{"start":{"line":26,"column":2},"end":{"line":41,"column":null}},"type":"if","locations":[{"start":{"line":26,"column":2},"end":{"line":41,"column":null}},{"start":{"line":38,"column":9},"end":{"line":41,"column":null}}]},"4":{"loc":{"start":{"line":26,"column":6},"end":{"line":26,"column":66}},"type":"binary-expr","locations":[{"start":{"line":26,"column":6},"end":{"line":26,"column":29}},{"start":{"line":26,"column":33},"end":{"line":26,"column":66}}]},"5":{"loc":{"start":{"line":27,"column":4},"end":{"line":33,"column":null}},"type":"if","locations":[{"start":{"line":27,"column":4},"end":{"line":33,"column":null}}]}},"s":{"0":8,"1":8,"2":3,"3":3,"4":3,"5":34,"6":34,"7":2,"8":0,"9":0,"10":2,"11":32,"12":32,"13":34,"14":34,"15":34,"16":34,"17":8,"18":8},"f":{"0":34,"1":3,"2":3,"3":3},"b":{"0":[3],"1":[3],"2":[3],"3":[2,32],"4":[34,34],"5":[0]}}
,"/media/luxcium/projects/monorepo-one/library/mapping-tools/src/core/function/makeFulfillement.ts": {"path":"/media/luxcium/projects/monorepo-one/library/mapping-tools/src/core/function/makeFulfillement.ts","statementMap":{"0":{"start":{"line":1,"column":0},"end":{"line":1,"column":44}},"1":{"start":{"line":18,"column":34},"end":{"line":26,"column":4}},"2":{"start":{"line":28,"column":2},"end":{"line":31,"column":5}},"3":{"start":{"line":33,"column":2},"end":{"line":33,"column":16}},"4":{"start":{"line":13,"column":0},"end":{"line":13,"column":16}},"5":{"start":{"line":36,"column":0},"end":{"line":36,"column":16}}},"fnMap":{"0":{"name":"makeFulfillement","decl":{"start":{"line":13,"column":16},"end":{"line":13,"column":32}},"loc":{"start":{"line":17,"column":26},"end":{"line":34,"column":1}}}},"branchMap":{},"s":{"0":9,"1":35,"2":35,"3":35,"4":9,"5":9},"f":{"0":35},"b":{}}
,"/media/luxcium/projects/monorepo-one/library/mapping-tools/src/core/function/makeRejection.ts": {"path":"/media/luxcium/projects/monorepo-one/library/mapping-tools/src/core/function/makeRejection.ts","statementMap":{"0":{"start":{"line":1,"column":0},"end":{"line":1,"column":43}},"1":{"start":{"line":17,"column":30},"end":{"line":25,"column":4}},"2":{"start":{"line":27,"column":2},"end":{"line":30,"column":5}},"3":{"start":{"line":31,"column":2},"end":{"line":31,"column":16}},"4":{"start":{"line":12,"column":0},"end":{"line":12,"column":16}},"5":{"start":{"line":35,"column":2},"end":{"line":35,"column":60}},"6":{"start":{"line":36,"column":2},"end":{"line":38,"column":4}},"7":{"start":{"line":39,"column":2},"end":{"line":39,"column":16}},"8":{"start":{"line":34,"column":0},"end":{"line":34,"column":16}}},"fnMap":{"0":{"name":"makeRejection","decl":{"start":{"line":12,"column":16},"end":{"line":12,"column":29}},"loc":{"start":{"line":16,"column":20},"end":{"line":32,"column":1}}},"1":{"name":"makeRejection_TEST_","decl":{"start":{"line":34,"column":16},"end":{"line":34,"column":35}},"loc":{"start":{"line":34,"column":35},"end":{"line":40,"column":1}}}},"branchMap":{},"s":{"0":8,"1":1,"2":1,"3":1,"4":8,"5":1,"6":1,"7":1,"8":8},"f":{"0":1,"1":1},"b":{}}
,"/media/luxcium/projects/monorepo-one/library/mapping-tools/src/helpers/index.ts": {"path":"/media/luxcium/projects/monorepo-one/library/mapping-tools/src/helpers/index.ts","statementMap":{"0":{"start":{"line":1,"column":0},"end":{"line":1,"column":43}},"1":{"start":{"line":4,"column":9},"end":{"line":4,"column":19}},"2":{"start":{"line":2,"column":0},"end":{"line":2,"column":33}},"3":{"start":{"line":4,"column":21},"end":{"line":4,"column":26}}},"fnMap":{},"branchMap":{},"s":{"0":7,"1":7,"2":7,"3":7},"f":{},"b":{}}
,"/media/luxcium/projects/monorepo-one/library/mapping-tools/src/helpers/assertions/index.ts": {"path":"/media/luxcium/projects/monorepo-one/library/mapping-tools/src/helpers/assertions/index.ts","statementMap":{"0":{"start":{"line":1,"column":0},"end":{"line":1,"column":9}},"1":{"start":{"line":1,"column":9},"end":{"line":1,"column":40}},"2":{"start":{"line":2,"column":0},"end":{"line":2,"column":9}},"3":{"start":{"line":2,"column":9},"end":{"line":2,"column":48}},"4":{"start":{"line":3,"column":0},"end":{"line":3,"column":null}},"5":{"start":{"line":4,"column":2},"end":{"line":4,"column":null}},"6":{"start":{"line":5,"column":2},"end":{"line":5,"column":null}},"7":{"start":{"line":6,"column":2},"end":{"line":6,"column":null}},"8":{"start":{"line":8,"column":0},"end":{"line":8,"column":9}},"9":{"start":{"line":8,"column":9},"end":{"line":8,"column":20}},"10":{"start":{"line":8,"column":20},"end":{"line":8,"column":35}},"11":{"start":{"line":8,"column":35},"end":{"line":8,"column":71}}},"fnMap":{"0":{"name":"(anonymous_0)","decl":{"start":{"line":1,"column":9},"end":{"line":1,"column":18}},"loc":{"start":{"line":1,"column":9},"end":{"line":1,"column":40}}},"1":{"name":"(anonymous_1)","decl":{"start":{"line":2,"column":9},"end":{"line":2,"column":22}},"loc":{"start":{"line":2,"column":9},"end":{"line":2,"column":48}}},"2":{"name":"(anonymous_2)","decl":{"start":{"line":4,"column":2},"end":{"line":4,"column":26}},"loc":{"start":{"line":4,"column":2},"end":{"line":4,"column":null}}},"3":{"name":"(anonymous_3)","decl":{"start":{"line":5,"column":2},"end":{"line":5,"column":25}},"loc":{"start":{"line":5,"column":2},"end":{"line":5,"column":null}}},"4":{"name":"(anonymous_4)","decl":{"start":{"line":6,"column":2},"end":{"line":6,"column":24}},"loc":{"start":{"line":6,"column":2},"end":{"line":6,"column":null}}},"5":{"name":"(anonymous_5)","decl":{"start":{"line":8,"column":9},"end":{"line":8,"column":18}},"loc":{"start":{"line":8,"column":9},"end":{"line":8,"column":20}}},"6":{"name":"(anonymous_6)","decl":{"start":{"line":8,"column":20},"end":{"line":8,"column":33}},"loc":{"start":{"line":8,"column":20},"end":{"line":8,"column":35}}},"7":{"name":"(anonymous_7)","decl":{"start":{"line":8,"column":35},"end":{"line":8,"column":49}},"loc":{"start":{"line":8,"column":35},"end":{"line":8,"column":71}}}},"branchMap":{},"s":{"0":9,"1":9,"2":9,"3":9,"4":9,"5":50,"6":16,"7":16,"8":9,"9":9,"10":9,"11":45},"f":{"0":0,"1":0,"2":41,"3":7,"4":7,"5":0,"6":0,"7":36},"b":{}}
,"/media/luxcium/projects/monorepo-one/library/mapping-tools/src/helpers/assertions/isPromise.ts": {"path":"/media/luxcium/projects/monorepo-one/library/mapping-tools/src/helpers/assertions/isPromise.ts","statementMap":{"0":{"start":{"line":1,"column":0},"end":{"line":1,"column":48}},"1":{"start":{"line":5,"column":2},"end":{"line":5,"column":78}},"2":{"start":{"line":5,"column":66},"end":{"line":5,"column":78}},"3":{"start":{"line":6,"column":2},"end":{"line":6,"column":15}},"4":{"start":{"line":4,"column":0},"end":{"line":4,"column":16}},"5":{"start":{"line":11,"column":2},"end":{"line":11,"column":45}},"6":{"start":{"line":12,"column":2},"end":{"line":12,"column":52}},"7":{"start":{"line":12,"column":37},"end":{"line":12,"column":46}},"8":{"start":{"line":13,"column":2},"end":{"line":13,"column":46}},"9":{"start":{"line":13,"column":31},"end":{"line":13,"column":40}},"10":{"start":{"line":14,"column":2},"end":{"line":14,"column":16}},"11":{"start":{"line":10,"column":0},"end":{"line":10,"column":7}}},"fnMap":{"0":{"name":"isPromise","decl":{"start":{"line":4,"column":16},"end":{"line":4,"column":25}},"loc":{"start":{"line":4,"column":41},"end":{"line":7,"column":1}}},"1":{"name":"isPromise_TEST_","decl":{"start":{"line":10,"column":22},"end":{"line":10,"column":37}},"loc":{"start":{"line":10,"column":37},"end":{"line":15,"column":1}}},"2":{"name":"(anonymous_2)","decl":{"start":{"line":12,"column":25},"end":{"line":12,"column":30}},"loc":{"start":{"line":12,"column":37},"end":{"line":12,"column":46}}},"3":{"name":"(anonymous_3)","decl":{"start":{"line":13,"column":25},"end":{"line":13,"column":28}},"loc":{"start":{"line":13,"column":31},"end":{"line":13,"column":40}}}},"branchMap":{"0":{"loc":{"start":{"line":5,"column":2},"end":{"line":5,"column":78}},"type":"if","locations":[{"start":{"line":5,"column":2},"end":{"line":5,"column":78}}]},"1":{"loc":{"start":{"line":5,"column":6},"end":{"line":5,"column":66}},"type":"binary-expr","locations":[{"start":{"line":5,"column":6},"end":{"line":5,"column":31}},{"start":{"line":5,"column":35},"end":{"line":5,"column":66}}]}},"s":{"0":10,"1":2,"2":1,"3":1,"4":10,"5":1,"6":1,"7":1,"8":1,"9":1,"10":1,"11":10},"f":{"0":2,"1":1,"2":1,"3":1},"b":{"0":[1],"1":[2,1]}}
,"/media/luxcium/projects/monorepo-one/library/mapping-tools/src/helpers/assertions/isPromiseLike.ts": {"path":"/media/luxcium/projects/monorepo-one/library/mapping-tools/src/helpers/assertions/isPromiseLike.ts","statementMap":{"0":{"start":{"line":3,"column":2},"end":{"line":9,"column":16}},"1":{"start":{"line":9,"column":4},"end":{"line":9,"column":16}},"2":{"start":{"line":10,"column":2},"end":{"line":10,"column":15}},"3":{"start":{"line":2,"column":0},"end":{"line":2,"column":16}},"4":{"start":{"line":15,"column":2},"end":{"line":15,"column":45}},"5":{"start":{"line":16,"column":2},"end":{"line":16,"column":56}},"6":{"start":{"line":16,"column":41},"end":{"line":16,"column":50}},"7":{"start":{"line":17,"column":2},"end":{"line":17,"column":50}},"8":{"start":{"line":17,"column":35},"end":{"line":17,"column":44}},"9":{"start":{"line":18,"column":2},"end":{"line":18,"column":44}},"10":{"start":{"line":19,"column":2},"end":{"line":19,"column":16}},"11":{"start":{"line":14,"column":0},"end":{"line":14,"column":7}}},"fnMap":{"0":{"name":"isPromiseLike","decl":{"start":{"line":2,"column":16},"end":{"line":2,"column":29}},"loc":{"start":{"line":2,"column":45},"end":{"line":11,"column":1}}},"1":{"name":"isPromiseLike_TEST_","decl":{"start":{"line":14,"column":22},"end":{"line":14,"column":41}},"loc":{"start":{"line":14,"column":41},"end":{"line":20,"column":1}}},"2":{"name":"(anonymous_2)","decl":{"start":{"line":16,"column":29},"end":{"line":16,"column":34}},"loc":{"start":{"line":16,"column":41},"end":{"line":16,"column":50}}},"3":{"name":"(anonymous_3)","decl":{"start":{"line":17,"column":29},"end":{"line":17,"column":32}},"loc":{"start":{"line":17,"column":35},"end":{"line":17,"column":44}}},"4":{"name":"(anonymous_4)","decl":{"start":{"line":18,"column":30},"end":{"line":18,"column":34}},"loc":{"start":{"line":18,"column":34},"end":{"line":18,"column":39}}}},"branchMap":{"0":{"loc":{"start":{"line":3,"column":2},"end":{"line":9,"column":16}},"type":"if","locations":[{"start":{"line":3,"column":2},"end":{"line":9,"column":16}}]},"1":{"loc":{"start":{"line":4,"column":4},"end":{"line":7,"column":38}},"type":"binary-expr","locations":[{"start":{"line":4,"column":4},"end":{"line":4,"column":19}},{"start":{"line":5,"column":4},"end":{"line":5,"column":31}},{"start":{"line":6,"column":4},"end":{"line":6,"column":21}},{"start":{"line":7,"column":4},"end":{"line":7,"column":38}}]}},"s":{"0":5,"1":3,"2":2,"3":11,"4":1,"5":1,"6":1,"7":1,"8":1,"9":1,"10":1,"11":11},"f":{"0":5,"1":1,"2":1,"3":1,"4":0},"b":{"0":[3],"1":[5,5,3,3]}}
,"/media/luxcium/projects/monorepo-one/library/mapping-tools/src/helpers/assertions/isPromiseSettledResult.ts": {"path":"/media/luxcium/projects/monorepo-one/library/mapping-tools/src/helpers/assertions/isPromiseSettledResult.ts","statementMap":{"0":{"start":{"line":1,"column":0},"end":{"line":1,"column":54}},"1":{"start":{"line":7,"column":2},"end":{"line":9,"column":4}},"2":{"start":{"line":4,"column":0},"end":{"line":4,"column":16}},"3":{"start":{"line":16,"column":2},"end":{"line":16,"column":65}},"4":{"start":{"line":13,"column":0},"end":{"line":13,"column":16}},"5":{"start":{"line":23,"column":2},"end":{"line":23,"column":65}},"6":{"start":{"line":20,"column":0},"end":{"line":20,"column":16}},"7":{"start":{"line":28,"column":2},"end":{"line":28,"column":45}},"8":{"start":{"line":29,"column":2},"end":{"line":29,"column":76}},"9":{"start":{"line":30,"column":2},"end":{"line":30,"column":75}},"10":{"start":{"line":32,"column":2},"end":{"line":32,"column":74}},"11":{"start":{"line":33,"column":2},"end":{"line":33,"column":74}},"12":{"start":{"line":34,"column":2},"end":{"line":34,"column":16}},"13":{"start":{"line":27,"column":0},"end":{"line":27,"column":7}}},"fnMap":{"0":{"name":"isPromiseSettledResult","decl":{"start":{"line":4,"column":16},"end":{"line":4,"column":38}},"loc":{"start":{"line":5,"column":16},"end":{"line":10,"column":1}}},"1":{"name":"isPromiseFulfilledResult","decl":{"start":{"line":13,"column":16},"end":{"line":13,"column":40}},"loc":{"start":{"line":14,"column":16},"end":{"line":17,"column":1}}},"2":{"name":"isPromiseRejectedResult","decl":{"start":{"line":20,"column":16},"end":{"line":20,"column":39}},"loc":{"start":{"line":21,"column":16},"end":{"line":24,"column":1}}},"3":{"name":"isPromiseSettledResult_TEST_","decl":{"start":{"line":27,"column":22},"end":{"line":27,"column":50}},"loc":{"start":{"line":27,"column":50},"end":{"line":35,"column":1}}}},"branchMap":{"0":{"loc":{"start":{"line":8,"column":4},"end":{"line":8,"column":80}},"type":"binary-expr","locations":[{"start":{"line":8,"column":4},"end":{"line":8,"column":42}},{"start":{"line":8,"column":46},"end":{"line":8,"column":80}}]},"1":{"loc":{"start":{"line":16,"column":9},"end":{"line":16,"column":64}},"type":"binary-expr","locations":[{"start":{"line":16,"column":9},"end":{"line":16,"column":40}},{"start":{"line":16,"column":44},"end":{"line":16,"column":64}}]},"2":{"loc":{"start":{"line":23,"column":9},"end":{"line":23,"column":64}},"type":"binary-expr","locations":[{"start":{"line":23,"column":9},"end":{"line":23,"column":39}},{"start":{"line":23,"column":43},"end":{"line":23,"column":64}}]}},"s":{"0":10,"1":33,"2":10,"3":68,"4":10,"5":33,"6":10,"7":1,"8":1,"9":1,"10":1,"11":1,"12":1,"13":10},"f":{"0":33,"1":68,"2":33,"3":1},"b":{"0":[33,32],"1":[68,4],"2":[33,2]}}
,"/media/luxcium/projects/monorepo-one/library/mapping-tools/src/helpers/assertions/isSettled.ts": {"path":"/media/luxcium/projects/monorepo-one/library/mapping-tools/src/helpers/assertions/isSettled.ts","statementMap":{"0":{"start":{"line":1,"column":0},"end":{"line":1,"column":54}},"1":{"start":{"line":7,"column":2},"end":{"line":7,"column":66}},"2":{"start":{"line":6,"column":0},"end":{"line":6,"column":16}},"3":{"start":{"line":14,"column":2},"end":{"line":27,"column":4}},"4":{"start":{"line":11,"column":0},"end":{"line":11,"column":16}},"5":{"start":{"line":32,"column":2},"end":{"line":47,"column":4}},"6":{"start":{"line":31,"column":0},"end":{"line":31,"column":16}},"7":{"start":{"line":52,"column":2},"end":{"line":52,"column":45}},"8":{"start":{"line":53,"column":2},"end":{"line":63,"column":4}},"9":{"start":{"line":64,"column":2},"end":{"line":74,"column":21}},"10":{"start":{"line":77,"column":2},"end":{"line":87,"column":4}},"11":{"start":{"line":89,"column":2},"end":{"line":99,"column":4}},"12":{"start":{"line":100,"column":2},"end":{"line":110,"column":4}},"13":{"start":{"line":111,"column":2},"end":{"line":111,"column":16}},"14":{"start":{"line":51,"column":0},"end":{"line":51,"column":7}}},"fnMap":{"0":{"name":"isSettled","decl":{"start":{"line":6,"column":16},"end":{"line":6,"column":25}},"loc":{"start":{"line":6,"column":43},"end":{"line":8,"column":1}}},"1":{"name":"isSettledRight","decl":{"start":{"line":11,"column":16},"end":{"line":11,"column":30}},"loc":{"start":{"line":12,"column":16},"end":{"line":28,"column":1}}},"2":{"name":"isSettledLeft","decl":{"start":{"line":31,"column":16},"end":{"line":31,"column":29}},"loc":{"start":{"line":31,"column":44},"end":{"line":48,"column":1}}},"3":{"name":"isSettled_TEST_","decl":{"start":{"line":51,"column":22},"end":{"line":51,"column":37}},"loc":{"start":{"line":51,"column":37},"end":{"line":112,"column":1}}}},"branchMap":{"0":{"loc":{"start":{"line":7,"column":9},"end":{"line":7,"column":65}},"type":"binary-expr","locations":[{"start":{"line":7,"column":9},"end":{"line":7,"column":37}},{"start":{"line":7,"column":41},"end":{"line":7,"column":65}}]},"1":{"loc":{"start":{"line":15,"column":4},"end":{"line":26,"column":39}},"type":"binary-expr","locations":[{"start":{"line":15,"column":4},"end":{"line":15,"column":35}},{"start":{"line":16,"column":4},"end":{"line":16,"column":24}},{"start":{"line":17,"column":4},"end":{"line":17,"column":26}},{"start":{"line":18,"column":4},"end":{"line":18,"column":44}},{"start":{"line":19,"column":4},"end":{"line":19,"column":25}},{"start":{"line":20,"column":4},"end":{"line":20,"column":31}},{"start":{"line":21,"column":4},"end":{"line":21,"column":35}},{"start":{"line":22,"column":4},"end":{"line":22,"column":39}},{"start":{"line":23,"column":4},"end":{"line":23,"column":30}},{"start":{"line":24,"column":4},"end":{"line":24,"column":45}},{"start":{"line":25,"column":4},"end":{"line":25,"column":24}},{"start":{"line":26,"column":4},"end":{"line":26,"column":39}}]},"2":{"loc":{"start":{"line":33,"column":4},"end":{"line":46,"column":39}},"type":"binary-expr","locations":[{"start":{"line":33,"column":4},"end":{"line":33,"column":34}},{"start":{"line":34,"column":4},"end":{"line":34,"column":25}},{"start":{"line":35,"column":4},"end":{"line":35,"column":26}},{"start":{"line":36,"column":4},"end":{"line":36,"column":25}},{"start":{"line":37,"column":4},"end":{"line":37,"column":44}},{"start":{"line":38,"column":4},"end":{"line":38,"column":32}},{"start":{"line":39,"column":4},"end":{"line":39,"column":35}},{"start":{"line":40,"column":5},"end":{"line":40,"column":40}},{"start":{"line":41,"column":6},"end":{"line":41,"column":34}},{"start":{"line":42,"column":6},"end":{"line":42,"column":38}},{"start":{"line":43,"column":4},"end":{"line":43,"column":30}},{"start":{"line":44,"column":4},"end":{"line":44,"column":45}},{"start":{"line":45,"column":4},"end":{"line":45,"column":24}},{"start":{"line":46,"column":4},"end":{"line":46,"column":39}}]},"3":{"loc":{"start":{"line":64,"column":2},"end":{"line":74,"column":20}},"type":"binary-expr","locations":[{"start":{"line":64,"column":2},"end":{"line":72,"column":4}},{"start":{"line":74,"column":4},"end":{"line":74,"column":20}}]}},"s":{"0":10,"1":2,"2":10,"3":40,"4":10,"5":2,"6":10,"7":1,"8":1,"9":1,"10":1,"11":1,"12":1,"13":1,"14":10},"f":{"0":2,"1":40,"2":2,"3":1},"b":{"0":[2,1],"1":[40,7,7,5,5,5,5,5,5,5,5,2],"2":[2,2,2,2,2,2,2,2,0,0,2,2,2,2],"3":[1,0]}}
,"/media/luxcium/projects/monorepo-one/library/mapping-tools/src/helpers/tools/converToIsometricSettledResult.ts": {"path":"/media/luxcium/projects/monorepo-one/library/mapping-tools/src/helpers/tools/converToIsometricSettledResult.ts","statementMap":{"0":{"start":{"line":1,"column":0},"end":{"line":1,"column":54}},"1":{"start":{"line":3,"column":0},"end":{"line":3,"column":66}},"2":{"start":{"line":17,"column":2},"end":{"line":17,"column":48}},"3":{"start":{"line":22,"column":2},"end":{"line":22,"column":45}},"4":{"start":{"line":23,"column":2},"end":{"line":35,"column":4}},"5":{"start":{"line":36,"column":2},"end":{"line":48,"column":4}},"6":{"start":{"line":50,"column":2},"end":{"line":79,"column":4}},"7":{"start":{"line":80,"column":2},"end":{"line":80,"column":16}},"8":{"start":{"line":21,"column":0},"end":{"line":21,"column":7}},"9":{"start":{"line":85,"column":13},"end":{"line":85,"column":78}}},"fnMap":{"0":{"name":"converToIsometricSettledResult_","decl":{"start":{"line":14,"column":9},"end":{"line":14,"column":40}},"loc":{"start":{"line":15,"column":57},"end":{"line":18,"column":1}}},"1":{"name":"converToIsometricSettledResult_TEST_","decl":{"start":{"line":21,"column":22},"end":{"line":21,"column":58}},"loc":{"start":{"line":21,"column":58},"end":{"line":81,"column":1}}}},"branchMap":{},"s":{"0":13,"1":13,"2":17,"3":1,"4":1,"5":1,"6":1,"7":1,"8":13,"9":13},"f":{"0":17,"1":1},"b":{}}
,"/media/luxcium/projects/monorepo-one/library/mapping-tools/src/helpers/tools/getFulfilledResults.ts": {"path":"/media/luxcium/projects/monorepo-one/library/mapping-tools/src/helpers/tools/getFulfilledResults.ts","statementMap":{"0":{"start":{"line":1,"column":0},"end":{"line":1,"column":54}},"1":{"start":{"line":3,"column":0},"end":{"line":3,"column":82}},"2":{"start":{"line":9,"column":17},"end":{"line":11,"column":null}},"3":{"start":{"line":11,"column":6},"end":{"line":11,"column":68}},"4":{"start":{"line":14,"column":2},"end":{"line":14,"column":48}},"5":{"start":{"line":6,"column":0},"end":{"line":6,"column":16}},"6":{"start":{"line":19,"column":2},"end":{"line":19,"column":45}},"7":{"start":{"line":20,"column":2},"end":{"line":32,"column":4}},"8":{"start":{"line":33,"column":2},"end":{"line":45,"column":4}},"9":{"start":{"line":47,"column":2},"end":{"line":76,"column":4}},"10":{"start":{"line":77,"column":2},"end":{"line":77,"column":16}},"11":{"start":{"line":18,"column":0},"end":{"line":18,"column":7}}},"fnMap":{"0":{"name":"getFulfilledResults","decl":{"start":{"line":6,"column":16},"end":{"line":6,"column":35}},"loc":{"start":{"line":7,"column":57},"end":{"line":15,"column":1}}},"1":{"name":"(anonymous_1)","decl":{"start":{"line":10,"column":4},"end":{"line":10,"column":5}},"loc":{"start":{"line":11,"column":6},"end":{"line":11,"column":68}}},"2":{"name":"getFulfilledResults_TEST_","decl":{"start":{"line":18,"column":22},"end":{"line":18,"column":47}},"loc":{"start":{"line":18,"column":47},"end":{"line":78,"column":1}}}},"branchMap":{"0":{"loc":{"start":{"line":11,"column":6},"end":{"line":11,"column":68}},"type":"binary-expr","locations":[{"start":{"line":11,"column":6},"end":{"line":11,"column":31}},{"start":{"line":11,"column":35},"end":{"line":11,"column":68}}]}},"s":{"0":11,"1":11,"2":11,"3":28,"4":11,"5":11,"6":1,"7":1,"8":1,"9":1,"10":1,"11":11},"f":{"0":11,"1":28,"2":1},"b":{"0":[28,19]}}
,"/media/luxcium/projects/monorepo-one/library/mapping-tools/src/helpers/tools/getRejectedResults.ts": {"path":"/media/luxcium/projects/monorepo-one/library/mapping-tools/src/helpers/tools/getRejectedResults.ts","statementMap":{"0":{"start":{"line":1,"column":0},"end":{"line":1,"column":54}},"1":{"start":{"line":3,"column":0},"end":{"line":3,"column":82}},"2":{"start":{"line":10,"column":17},"end":{"line":12,"column":null}},"3":{"start":{"line":12,"column":6},"end":{"line":12,"column":30}},"4":{"start":{"line":14,"column":2},"end":{"line":14,"column":48}},"5":{"start":{"line":7,"column":0},"end":{"line":7,"column":16}},"6":{"start":{"line":19,"column":2},"end":{"line":19,"column":45}},"7":{"start":{"line":20,"column":2},"end":{"line":32,"column":4}},"8":{"start":{"line":33,"column":2},"end":{"line":45,"column":4}},"9":{"start":{"line":47,"column":2},"end":{"line":76,"column":4}},"10":{"start":{"line":77,"column":2},"end":{"line":77,"column":16}},"11":{"start":{"line":18,"column":0},"end":{"line":18,"column":7}}},"fnMap":{"0":{"name":"getRejectedResults","decl":{"start":{"line":7,"column":16},"end":{"line":7,"column":34}},"loc":{"start":{"line":8,"column":57},"end":{"line":15,"column":1}}},"1":{"name":"(anonymous_1)","decl":{"start":{"line":11,"column":4},"end":{"line":11,"column":5}},"loc":{"start":{"line":12,"column":6},"end":{"line":12,"column":30}}},"2":{"name":"getRejectedResults_TEST_","decl":{"start":{"line":18,"column":22},"end":{"line":18,"column":46}},"loc":{"start":{"line":18,"column":46},"end":{"line":78,"column":1}}}},"branchMap":{},"s":{"0":9,"1":9,"2":3,"3":6,"4":3,"5":9,"6":1,"7":1,"8":1,"9":1,"10":1,"11":9},"f":{"0":3,"1":6,"2":1},"b":{}}
,"/media/luxcium/projects/monorepo-one/library/mapping-tools/src/helpers/tools/index.ts": {"path":"/media/luxcium/projects/monorepo-one/library/mapping-tools/src/helpers/tools/index.ts","statementMap":{"0":{"start":{"line":1,"column":0},"end":{"line":1,"column":9}},"1":{"start":{"line":1,"column":9},"end":{"line":1,"column":60}},"2":{"start":{"line":2,"column":0},"end":{"line":2,"column":9}},"3":{"start":{"line":2,"column":9},"end":{"line":2,"column":82}},"4":{"start":{"line":3,"column":0},"end":{"line":3,"column":9}},"5":{"start":{"line":3,"column":9},"end":{"line":3,"column":60}},"6":{"start":{"line":4,"column":0},"end":{"line":4,"column":9}},"7":{"start":{"line":4,"column":9},"end":{"line":4,"column":58}},"8":{"start":{"line":5,"column":0},"end":{"line":5,"column":9}},"9":{"start":{"line":5,"column":9},"end":{"line":5,"column":66}},"10":{"start":{"line":6,"column":0},"end":{"line":6,"column":9}},"11":{"start":{"line":6,"column":9},"end":{"line":6,"column":62}},"12":{"start":{"line":7,"column":0},"end":{"line":7,"column":9}},"13":{"start":{"line":7,"column":9},"end":{"line":7,"column":48}}},"fnMap":{"0":{"name":"(anonymous_0)","decl":{"start":{"line":1,"column":9},"end":{"line":1,"column":28}},"loc":{"start":{"line":1,"column":9},"end":{"line":1,"column":60}}},"1":{"name":"(anonymous_1)","decl":{"start":{"line":2,"column":9},"end":{"line":2,"column":39}},"loc":{"start":{"line":2,"column":9},"end":{"line":2,"column":82}}},"2":{"name":"(anonymous_2)","decl":{"start":{"line":3,"column":9},"end":{"line":3,"column":28}},"loc":{"start":{"line":3,"column":9},"end":{"line":3,"column":60}}},"3":{"name":"(anonymous_3)","decl":{"start":{"line":4,"column":9},"end":{"line":4,"column":27}},"loc":{"start":{"line":4,"column":9},"end":{"line":4,"column":58}}},"4":{"name":"(anonymous_4)","decl":{"start":{"line":5,"column":9},"end":{"line":5,"column":31}},"loc":{"start":{"line":5,"column":9},"end":{"line":5,"column":66}}},"5":{"name":"(anonymous_5)","decl":{"start":{"line":6,"column":9},"end":{"line":6,"column":29}},"loc":{"start":{"line":6,"column":9},"end":{"line":6,"column":62}}},"6":{"name":"(anonymous_6)","decl":{"start":{"line":7,"column":9},"end":{"line":7,"column":22}},"loc":{"start":{"line":7,"column":9},"end":{"line":7,"column":48}}}},"branchMap":{},"s":{"0":8,"1":9,"2":8,"3":8,"4":8,"5":8,"6":8,"7":8,"8":8,"9":8,"10":8,"11":10,"12":8,"13":8},"f":{"0":1,"1":0,"2":0,"3":0,"4":0,"5":2,"6":0},"b":{}}
,"/media/luxcium/projects/monorepo-one/library/mapping-tools/src/helpers/tools/isometricSettledResult.ts": {"path":"/media/luxcium/projects/monorepo-one/library/mapping-tools/src/helpers/tools/isometricSettledResult.ts","statementMap":{"0":{"start":{"line":1,"column":0},"end":{"line":1,"column":54}},"1":{"start":{"line":10,"column":2},"end":{"line":22,"column":null}},"2":{"start":{"line":11,"column":37},"end":{"line":20,"column":6}},"3":{"start":{"line":21,"column":4},"end":{"line":21,"column":19}},"4":{"start":{"line":23,"column":31},"end":{"line":32,"column":4}},"5":{"start":{"line":33,"column":2},"end":{"line":33,"column":17}},"6":{"start":{"line":6,"column":0},"end":{"line":6,"column":16}},"7":{"start":{"line":38,"column":2},"end":{"line":38,"column":45}},"8":{"start":{"line":39,"column":2},"end":{"line":51,"column":4}},"9":{"start":{"line":52,"column":2},"end":{"line":64,"column":4}},"10":{"start":{"line":66,"column":2},"end":{"line":95,"column":4}},"11":{"start":{"line":96,"column":2},"end":{"line":96,"column":16}},"12":{"start":{"line":37,"column":0},"end":{"line":37,"column":7}}},"fnMap":{"0":{"name":"isometricSettledResult","decl":{"start":{"line":6,"column":16},"end":{"line":6,"column":38}},"loc":{"start":{"line":8,"column":20},"end":{"line":34,"column":1}}},"1":{"name":"isometricSettledResult_TEST_","decl":{"start":{"line":37,"column":22},"end":{"line":37,"column":50}},"loc":{"start":{"line":37,"column":50},"end":{"line":97,"column":1}}}},"branchMap":{"0":{"loc":{"start":{"line":8,"column":2},"end":{"line":8,"column":20}},"type":"default-arg","locations":[{"start":{"line":8,"column":18},"end":{"line":8,"column":20}}]},"1":{"loc":{"start":{"line":10,"column":2},"end":{"line":22,"column":null}},"type":"if","locations":[{"start":{"line":10,"column":2},"end":{"line":22,"column":null}}]}},"s":{"0":14,"1":34,"2":25,"3":25,"4":9,"5":9,"6":14,"7":1,"8":1,"9":1,"10":1,"11":1,"12":14},"f":{"0":34,"1":1},"b":{"0":[0],"1":[25]}}
,"/media/luxcium/projects/monorepo-one/library/mapping-tools/src/helpers/tools/listFulfilledResults.ts": {"path":"/media/luxcium/projects/monorepo-one/library/mapping-tools/src/helpers/tools/listFulfilledResults.ts","statementMap":{"0":{"start":{"line":1,"column":0},"end":{"line":1,"column":54}},"1":{"start":{"line":3,"column":0},"end":{"line":3,"column":60}},"2":{"start":{"line":9,"column":2},"end":{"line":9,"column":69}},"3":{"start":{"line":9,"column":57},"end":{"line":9,"column":67}},"4":{"start":{"line":6,"column":0},"end":{"line":6,"column":16}},"5":{"start":{"line":14,"column":2},"end":{"line":14,"column":45}},"6":{"start":{"line":15,"column":2},"end":{"line":27,"column":4}},"7":{"start":{"line":28,"column":2},"end":{"line":40,"column":4}},"8":{"start":{"line":42,"column":2},"end":{"line":71,"column":4}},"9":{"start":{"line":72,"column":2},"end":{"line":72,"column":16}},"10":{"start":{"line":13,"column":0},"end":{"line":13,"column":7}}},"fnMap":{"0":{"name":"listFulfilledResults","decl":{"start":{"line":6,"column":16},"end":{"line":6,"column":36}},"loc":{"start":{"line":7,"column":57},"end":{"line":10,"column":1}}},"1":{"name":"(anonymous_1)","decl":{"start":{"line":9,"column":49},"end":{"line":9,"column":53}},"loc":{"start":{"line":9,"column":57},"end":{"line":9,"column":67}}},"2":{"name":"listFulfilledResults_TEST_","decl":{"start":{"line":13,"column":22},"end":{"line":13,"column":48}},"loc":{"start":{"line":13,"column":48},"end":{"line":73,"column":1}}}},"branchMap":{},"s":{"0":9,"1":9,"2":5,"3":13,"4":9,"5":1,"6":1,"7":1,"8":1,"9":1,"10":9},"f":{"0":5,"1":13,"2":1},"b":{}}
,"/media/luxcium/projects/monorepo-one/library/mapping-tools/src/helpers/tools/mapFulfilledResults.ts": {"path":"/media/luxcium/projects/monorepo-one/library/mapping-tools/src/helpers/tools/mapFulfilledResults.ts","statementMap":{"0":{"start":{"line":7,"column":2},"end":{"line":7,"column":35}},"1":{"start":{"line":5,"column":0},"end":{"line":5,"column":16}}},"fnMap":{"0":{"name":"mapFulfilledResults","decl":{"start":{"line":5,"column":16},"end":{"line":5,"column":35}},"loc":{"start":{"line":5,"column":35},"end":{"line":8,"column":1}}}},"branchMap":{},"s":{"0":1,"1":8},"f":{"0":1},"b":{}}
,"/media/luxcium/projects/monorepo-one/library/mapping-tools/src/helpers/tools/settledLengts.ts": {"path":"/media/luxcium/projects/monorepo-one/library/mapping-tools/src/helpers/tools/settledLengts.ts","statementMap":{"0":{"start":{"line":1,"column":0},"end":{"line":1,"column":54}},"1":{"start":{"line":3,"column":0},"end":{"line":3,"column":60}},"2":{"start":{"line":9,"column":18},"end":{"line":9,"column":35}},"3":{"start":{"line":10,"column":20},"end":{"line":10,"column":58}},"4":{"start":{"line":11,"column":19},"end":{"line":11,"column":38}},"5":{"start":{"line":13,"column":2},"end":{"line":17,"column":4}},"6":{"start":{"line":6,"column":0},"end":{"line":6,"column":16}},"7":{"start":{"line":22,"column":2},"end":{"line":22,"column":45}},"8":{"start":{"line":23,"column":2},"end":{"line":35,"column":4}},"9":{"start":{"line":36,"column":2},"end":{"line":48,"column":4}},"10":{"start":{"line":50,"column":2},"end":{"line":79,"column":4}},"11":{"start":{"line":80,"column":2},"end":{"line":80,"column":16}},"12":{"start":{"line":21,"column":0},"end":{"line":21,"column":7}}},"fnMap":{"0":{"name":"settledLengts","decl":{"start":{"line":6,"column":16},"end":{"line":6,"column":29}},"loc":{"start":{"line":7,"column":57},"end":{"line":18,"column":1}}},"1":{"name":"settledLengts_TEST_","decl":{"start":{"line":21,"column":22},"end":{"line":21,"column":41}},"loc":{"start":{"line":21,"column":41},"end":{"line":81,"column":1}}}},"branchMap":{},"s":{"0":9,"1":9,"2":3,"3":3,"4":3,"5":3,"6":9,"7":1,"8":1,"9":1,"10":1,"11":1,"12":9},"f":{"0":3,"1":1},"b":{}}
}
