TN:
SF:src/constants/index.ts
FNF:0
FNH:0
DA:6,20
DA:12,20
LF:2
LH:2
BRF:0
BRH:0
end_of_record
TN:
SF:src/core/awaitedMapping.ts
FN:11,awaitedMapping
FN:13,(anonymous_1)
FN:14,(anonymous_2)
FN:15,(anonymous_3)
FN:16,(anonymous_4)
FN:18,(anonymous_5)
FN:33,awaitedMapping_TEST_
FNF:7
FNH:6
FNDA:2,awaitedMapping
FNDA:1,(anonymous_1)
FNDA:6,(anonymous_2)
FNDA:6,(anonymous_3)
FNDA:0,(anonymous_4)
FNDA:6,(anonymous_5)
FNDA:1,awaitedMapping_TEST_
DA:8,2
DA:11,2
DA:13,1
DA:14,6
DA:15,6
DA:16,0
DA:18,2
DA:19,6
DA:30,2
DA:33,2
DA:34,1
DA:35,1
DA:36,1
LF:13
LH:12
BRDA:13,0,0,1
BRDA:14,1,0,2
BRDA:15,2,0,2
BRDA:16,3,0,2
BRF:4
BRH:4
end_of_record
TN:
SF:src/core/generateMapping.ts
FN:11,generateMapping
FN:13,(anonymous_1)
FN:14,(anonymous_2)
FN:15,(anonymous_3)
FN:16,(anonymous_4)
FN:32,generateMapping_TEST_
FNF:6
FNH:5
FNDA:2,generateMapping
FNDA:1,(anonymous_1)
FNDA:6,(anonymous_2)
FNDA:6,(anonymous_3)
FNDA:0,(anonymous_4)
FNDA:1,generateMapping_TEST_
DA:8,2
DA:11,2
DA:13,1
DA:14,6
DA:15,6
DA:16,0
DA:18,2
DA:19,2
DA:20,6
DA:32,2
DA:33,1
DA:34,1
DA:35,1
DA:36,1
DA:38,1
LF:15
LH:14
BRDA:13,0,0,1
BRDA:14,1,0,2
BRDA:15,2,0,2
BRDA:16,3,0,2
BRF:4
BRH:4
end_of_record
TN:
SF:src/core/generateMappingAsync.ts
FN:13,generateMappingAsync
FN:15,(anonymous_1)
FN:16,(anonymous_2)
FN:17,(anonymous_3)
FN:18,(anonymous_4)
FN:34,generateMappingAsync_TEST_
FNF:6
FNH:5
FNDA:2,generateMappingAsync
FNDA:1,(anonymous_1)
FNDA:6,(anonymous_2)
FNDA:6,(anonymous_3)
FNDA:0,(anonymous_4)
FNDA:1,generateMappingAsync_TEST_
DA:10,2
DA:13,2
DA:15,1
DA:16,6
DA:17,6
DA:18,0
DA:20,2
DA:21,2
DA:22,6
DA:34,2
DA:35,1
DA:36,1
DA:37,1
DA:38,1
DA:40,1
LF:15
LH:14
BRDA:15,0,0,1
BRDA:16,1,0,2
BRDA:17,2,0,2
BRDA:18,3,0,2
BRF:4
BRH:4
end_of_record
TN:
SF:src/core/index.ts
FN:5,(anonymous_0)
FN:6,(anonymous_1)
FN:7,(anonymous_2)
FN:8,(anonymous_3)
FN:9,(anonymous_4)
FNF:5
FNH:5
FNDA:1,(anonymous_0)
FNDA:1,(anonymous_1)
FNDA:1,(anonymous_2)
FNDA:1,(anonymous_3)
FNDA:1,(anonymous_4)
DA:5,2
DA:6,2
DA:7,2
DA:8,2
DA:9,2
LF:5
LH:5
BRF:0
BRH:0
end_of_record
TN:
SF:src/core/paralellMapping.ts
FN:11,paralellMapping
FN:13,(anonymous_1)
FN:14,(anonymous_2)
FN:15,(anonymous_3)
FN:16,(anonymous_4)
FN:18,(anonymous_5)
FN:31,paralellMapping_TEST_
FNF:7
FNH:6
FNDA:2,paralellMapping
FNDA:1,(anonymous_1)
FNDA:6,(anonymous_2)
FNDA:6,(anonymous_3)
FNDA:0,(anonymous_4)
FNDA:6,(anonymous_5)
FNDA:1,paralellMapping_TEST_
DA:8,2
DA:11,2
DA:13,1
DA:14,6
DA:15,6
DA:16,0
DA:18,2
DA:19,6
DA:31,2
DA:32,1
DA:33,1
DA:34,1
LF:12
LH:11
BRDA:13,0,0,1
BRDA:14,1,0,2
BRDA:15,2,0,2
BRDA:16,3,0,2
BRF:4
BRH:4
end_of_record
TN:
SF:src/core/serialMapping.ts
FN:13,serialMapping
FN:15,(anonymous_1)
FN:16,(anonymous_2)
FN:17,(anonymous_3)
FN:18,(anonymous_4)
FN:47,serialMapping_TEST_
FNF:6
FNH:5
FNDA:2,serialMapping
FNDA:1,(anonymous_1)
FNDA:6,(anonymous_2)
FNDA:6,(anonymous_3)
FNDA:0,(anonymous_4)
FNDA:1,serialMapping_TEST_
DA:10,2
DA:13,2
DA:15,1
DA:16,6
DA:17,6
DA:18,0
DA:20,2
DA:21,2
DA:22,2
DA:23,6
DA:35,2
DA:47,2
DA:48,1
DA:49,1
DA:50,1
LF:15
LH:14
BRDA:15,0,0,1
BRDA:16,1,0,2
BRDA:17,2,0,2
BRDA:18,3,0,2
BRF:4
BRH:4
end_of_record
TN:
SF:src/core/function/fn_a1f9a.ts
FN:12,fn_a1f9a
FN:16,(anonymous_1)
FN:17,(anonymous_2)
FN:18,(anonymous_3)
FN:19,(anonymous_4)
FNF:5
FNH:3
FNDA:31,fn_a1f9a
FNDA:0,(anonymous_1)
FNDA:1,(anonymous_2)
FNDA:1,(anonymous_3)
FNDA:0,(anonymous_4)
DA:1,7
DA:3,7
DA:4,7
DA:9,7
DA:12,7
DA:16,0
DA:17,1
DA:18,1
DA:20,0
DA:22,31
DA:23,31
DA:24,31
DA:33,0
DA:34,0
DA:35,0
DA:36,0
DA:38,0
DA:42,0
DA:43,0
DA:48,7
LF:20
LH:11
BRDA:16,0,0,0
BRDA:17,1,0,1
BRDA:18,2,0,1
BRDA:19,3,0,1
BRDA:23,4,0,31
BRDA:23,5,0,31
BRDA:23,5,1,0
BRDA:33,6,0,0
BRF:8
BRH:5
end_of_record
TN:
SF:src/core/function/fulfillementBlock.ts
FN:15,fulfillementBlock
FN:19,(anonymous_1)
FN:20,(anonymous_2)
FN:21,(anonymous_3)
FNF:4
FNH:4
FNDA:34,fulfillementBlock
FNDA:3,(anonymous_1)
FNDA:3,(anonymous_2)
FNDA:3,(anonymous_3)
DA:1,8
DA:6,8
DA:15,8
DA:19,3
DA:20,3
DA:22,3
DA:24,34
DA:26,34
DA:27,2
DA:28,0
DA:29,0
DA:34,2
DA:39,32
DA:40,32
DA:42,34
DA:43,34
DA:44,34
DA:45,34
DA:53,8
LF:19
LH:17
BRDA:19,0,0,3
BRDA:20,1,0,3
BRDA:21,2,0,3
BRDA:26,3,0,2
BRDA:26,3,1,32
BRDA:26,4,0,34
BRDA:26,4,1,34
BRDA:27,5,0,0
BRF:8
BRH:7
end_of_record
TN:
SF:src/core/function/makeFulfillement.ts
FN:13,makeFulfillement
FNF:1
FNH:1
FNDA:35,makeFulfillement
DA:1,9
DA:13,9
DA:18,35
DA:28,35
DA:33,35
DA:36,9
LF:6
LH:6
BRF:0
BRH:0
end_of_record
TN:
SF:src/core/function/makeRejection.ts
FN:12,makeRejection
FN:34,makeRejection_TEST_
FNF:2
FNH:2
FNDA:1,makeRejection
FNDA:1,makeRejection_TEST_
DA:1,8
DA:12,8
DA:17,1
DA:27,1
DA:31,1
DA:34,8
DA:35,1
DA:36,1
DA:39,1
LF:9
LH:9
BRF:0
BRH:0
end_of_record
TN:
SF:src/helpers/index.ts
FNF:0
FNH:0
DA:1,7
DA:2,7
DA:4,7
LF:3
LH:3
BRF:0
BRH:0
end_of_record
TN:
SF:src/helpers/assertions/index.ts
FN:1,(anonymous_0)
FN:2,(anonymous_1)
FN:4,(anonymous_2)
FN:5,(anonymous_3)
FN:6,(anonymous_4)
FN:8,(anonymous_5)
FN:8,(anonymous_6)
FN:8,(anonymous_7)
FNF:8
FNH:4
FNDA:0,(anonymous_0)
FNDA:0,(anonymous_1)
FNDA:41,(anonymous_2)
FNDA:7,(anonymous_3)
FNDA:7,(anonymous_4)
FNDA:0,(anonymous_5)
FNDA:0,(anonymous_6)
FNDA:36,(anonymous_7)
DA:1,9
DA:2,9
DA:3,9
DA:4,50
DA:5,16
DA:6,16
DA:8,45
LF:7
LH:7
BRF:0
BRH:0
end_of_record
TN:
SF:src/helpers/assertions/isPromise.ts
FN:4,isPromise
FN:10,isPromise_TEST_
FN:12,(anonymous_2)
FN:13,(anonymous_3)
FNF:4
FNH:4
FNDA:2,isPromise
FNDA:1,isPromise_TEST_
FNDA:1,(anonymous_2)
FNDA:1,(anonymous_3)
DA:1,10
DA:4,10
DA:5,2
DA:6,1
DA:10,10
DA:11,1
DA:12,1
DA:13,1
DA:14,1
LF:9
LH:9
BRDA:5,0,0,1
BRDA:5,1,0,2
BRDA:5,1,1,1
BRF:3
BRH:3
end_of_record
TN:
SF:src/helpers/assertions/isPromiseLike.ts
FN:2,isPromiseLike
FN:14,isPromiseLike_TEST_
FN:16,(anonymous_2)
FN:17,(anonymous_3)
FN:18,(anonymous_4)
FNF:5
FNH:4
FNDA:5,isPromiseLike
FNDA:1,isPromiseLike_TEST_
FNDA:1,(anonymous_2)
FNDA:1,(anonymous_3)
FNDA:0,(anonymous_4)
DA:2,11
DA:3,5
DA:9,3
DA:10,2
DA:14,11
DA:15,1
DA:16,1
DA:17,1
DA:18,1
DA:19,1
LF:10
LH:10
BRDA:3,0,0,3
BRDA:4,1,0,5
BRDA:4,1,1,5
BRDA:4,1,2,3
BRDA:4,1,3,3
BRF:5
BRH:5
end_of_record
TN:
SF:src/helpers/assertions/isPromiseSettledResult.ts
FN:4,isPromiseSettledResult
FN:13,isPromiseFulfilledResult
FN:20,isPromiseRejectedResult
FN:27,isPromiseSettledResult_TEST_
FNF:4
FNH:4
FNDA:33,isPromiseSettledResult
FNDA:68,isPromiseFulfilledResult
FNDA:33,isPromiseRejectedResult
FNDA:1,isPromiseSettledResult_TEST_
DA:1,10
DA:4,10
DA:7,33
DA:13,10
DA:16,68
DA:20,10
DA:23,33
DA:27,10
DA:28,1
DA:29,1
DA:30,1
DA:32,1
DA:33,1
DA:34,1
LF:14
LH:14
BRDA:8,0,0,33
BRDA:8,0,1,32
BRDA:16,1,0,68
BRDA:16,1,1,4
BRDA:23,2,0,33
BRDA:23,2,1,2
BRF:6
BRH:6
end_of_record
TN:
SF:src/helpers/assertions/isSettled.ts
FN:6,isSettled
FN:11,isSettledRight
FN:31,isSettledLeft
FN:51,isSettled_TEST_
FNF:4
FNH:4
FNDA:2,isSettled
FNDA:40,isSettledRight
FNDA:2,isSettledLeft
FNDA:1,isSettled_TEST_
DA:1,10
DA:6,10
DA:7,2
DA:11,10
DA:14,40
DA:31,10
DA:32,2
DA:51,10
DA:52,1
DA:53,1
DA:64,1
DA:77,1
DA:89,1
DA:100,1
DA:111,1
LF:15
LH:15
BRDA:7,0,0,2
BRDA:7,0,1,1
BRDA:15,1,0,40
BRDA:15,1,1,7
BRDA:15,1,2,7
BRDA:15,1,3,5
BRDA:15,1,4,5
BRDA:15,1,5,5
BRDA:15,1,6,5
BRDA:15,1,7,5
BRDA:15,1,8,5
BRDA:15,1,9,5
BRDA:15,1,10,5
BRDA:15,1,11,2
BRDA:33,2,0,2
BRDA:33,2,1,2
BRDA:33,2,2,2
BRDA:33,2,3,2
BRDA:33,2,4,2
BRDA:33,2,5,2
BRDA:33,2,6,2
BRDA:33,2,7,2
BRDA:33,2,8,0
BRDA:33,2,9,0
BRDA:33,2,10,2
BRDA:33,2,11,2
BRDA:33,2,12,2
BRDA:33,2,13,2
BRDA:64,3,0,1
BRDA:64,3,1,0
BRF:30
BRH:27
end_of_record
TN:
SF:src/helpers/tools/converToIsometricSettledResult.ts
FN:14,converToIsometricSettledResult_
FN:21,converToIsometricSettledResult_TEST_
FNF:2
FNH:2
FNDA:17,converToIsometricSettledResult_
FNDA:1,converToIsometricSettledResult_TEST_
DA:1,13
DA:3,13
DA:17,17
DA:21,13
DA:22,1
DA:23,1
DA:36,1
DA:50,1
DA:80,1
DA:85,13
LF:10
LH:10
BRF:0
BRH:0
end_of_record
TN:
SF:src/helpers/tools/getFulfilledResults.ts
FN:6,getFulfilledResults
FN:10,(anonymous_1)
FN:18,getFulfilledResults_TEST_
FNF:3
FNH:3
FNDA:11,getFulfilledResults
FNDA:28,(anonymous_1)
FNDA:1,getFulfilledResults_TEST_
DA:1,11
DA:3,11
DA:6,11
DA:9,11
DA:11,28
DA:14,11
DA:18,11
DA:19,1
DA:20,1
DA:33,1
DA:47,1
DA:77,1
LF:12
LH:12
BRDA:11,0,0,28
BRDA:11,0,1,19
BRF:2
BRH:2
end_of_record
TN:
SF:src/helpers/tools/getRejectedResults.ts
FN:7,getRejectedResults
FN:11,(anonymous_1)
FN:18,getRejectedResults_TEST_
FNF:3
FNH:3
FNDA:3,getRejectedResults
FNDA:6,(anonymous_1)
FNDA:1,getRejectedResults_TEST_
DA:1,9
DA:3,9
DA:7,9
DA:10,3
DA:12,6
DA:14,3
DA:18,9
DA:19,1
DA:20,1
DA:33,1
DA:47,1
DA:77,1
LF:12
LH:12
BRF:0
BRH:0
end_of_record
TN:
SF:src/helpers/tools/index.ts
FN:1,(anonymous_0)
FN:2,(anonymous_1)
FN:3,(anonymous_2)
FN:4,(anonymous_3)
FN:5,(anonymous_4)
FN:6,(anonymous_5)
FN:7,(anonymous_6)
FNF:7
FNH:2
FNDA:1,(anonymous_0)
FNDA:0,(anonymous_1)
FNDA:0,(anonymous_2)
FNDA:0,(anonymous_3)
FNDA:0,(anonymous_4)
FNDA:2,(anonymous_5)
FNDA:0,(anonymous_6)
DA:1,9
DA:2,8
DA:3,8
DA:4,8
DA:5,8
DA:6,10
DA:7,8
LF:7
LH:7
BRF:0
BRH:0
end_of_record
TN:
SF:src/helpers/tools/isometricSettledResult.ts
FN:6,isometricSettledResult
FN:37,isometricSettledResult_TEST_
FNF:2
FNH:2
FNDA:34,isometricSettledResult
FNDA:1,isometricSettledResult_TEST_
DA:1,14
DA:6,14
DA:10,34
DA:11,25
DA:21,25
DA:23,9
DA:33,9
DA:37,14
DA:38,1
DA:39,1
DA:52,1
DA:66,1
DA:96,1
LF:13
LH:13
BRDA:8,0,0,0
BRDA:10,1,0,25
BRF:2
BRH:1
end_of_record
TN:
SF:src/helpers/tools/listFulfilledResults.ts
FN:6,listFulfilledResults
FN:9,(anonymous_1)
FN:13,listFulfilledResults_TEST_
FNF:3
FNH:3
FNDA:5,listFulfilledResults
FNDA:13,(anonymous_1)
FNDA:1,listFulfilledResults_TEST_
DA:1,9
DA:3,9
DA:6,9
DA:9,13
DA:13,9
DA:14,1
DA:15,1
DA:28,1
DA:42,1
DA:72,1
LF:10
LH:10
BRF:0
BRH:0
end_of_record
TN:
SF:src/helpers/tools/mapFulfilledResults.ts
FN:5,mapFulfilledResults
FNF:1
FNH:1
FNDA:1,mapFulfilledResults
DA:5,8
DA:7,1
LF:2
LH:2
BRF:0
BRH:0
end_of_record
TN:
SF:src/helpers/tools/settledLengts.ts
FN:6,settledLengts
FN:21,settledLengts_TEST_
FNF:2
FNH:2
FNDA:3,settledLengts
FNDA:1,settledLengts_TEST_
DA:1,9
DA:3,9
DA:6,9
DA:9,3
DA:10,3
DA:11,3
DA:13,3
DA:21,9
DA:22,1
DA:23,1
DA:36,1
DA:50,1
DA:80,1
LF:13
LH:13
BRF:0
BRH:0
end_of_record
